INFO-FLOW: Workspace C:/Users/Mukesh/AppData/Roaming/Xilinx/Vivado/LS/solution1 opened at Wed Aug 18 13:55:05 +0200 2021
Execute     config_clock -quiet -name default -period 10 -default=false 
INFO: [SYN 201-201] Setting up clock 'default' with a period of 10ns.
Execute     open_platform DefaultPlatform 
Execute     import_lib C:/Xilinx/Vivado/2019.2/common/technology/xilinx/zynq/zynq 
Execute       source C:/Xilinx/Vivado/2019.2/common/technology/xilinx/common/xilinx.lib 
Execute         source C:/Xilinx/Vivado/2019.2/common/technology/xilinx/interface/xilinx_interface.lib 
Execute           source C:/Xilinx/Vivado/2019.2/common/technology/xilinx/interface/plb46.lib 
Execute           source C:/Xilinx/Vivado/2019.2/common/technology/xilinx/interface/fsl.lib 
Execute           source C:/Xilinx/Vivado/2019.2/common/technology/xilinx/interface/axi4.lib 
Execute           source C:/Xilinx/Vivado/2019.2/common/technology/xilinx/interface/maxi.lib 
Execute           source C:/Xilinx/Vivado/2019.2/common/technology/xilinx/interface/saxilite.lib 
Execute         source C:/Xilinx/Vivado/2019.2/common/technology/xilinx/common/dsp48.lib 
Execute         source C:/Xilinx/Vivado/2019.2/common/technology/xilinx/ip/dds_compiler.lib 
Execute         source C:/Xilinx/Vivado/2019.2/common/technology/xilinx/ip/xfft.lib 
Execute         source C:/Xilinx/Vivado/2019.2/common/technology/xilinx/ip/xfir.lib 
Execute       source C:/Xilinx/Vivado/2019.2/common/technology/xilinx/common/xilinx.hlp 
Execute         source C:/Xilinx/Vivado/2019.2/common/technology/xilinx/common/target_info.tcl 
Execute         source C:/Xilinx/Vivado/2019.2/common/technology/xilinx/interface/xilinx_interface.hlp 
Execute           source C:/Xilinx/Vivado/2019.2/common/technology/xilinx/interface/maxi.hlp 
Execute           source C:/Xilinx/Vivado/2019.2/common/technology/xilinx/interface/saxilite.hlp 
Execute         source C:/Xilinx/Vivado/2019.2/common/technology/xilinx/common/dsp48.hlp 
Execute       source C:/Xilinx/Vivado/2019.2/common/technology/xilinx/zynq/dsp48e1.hlp 
Execute       source C:/Xilinx/Vivado/2019.2/common/technology/xilinx/common/xilinx.hlp 
Execute         source C:/Xilinx/Vivado/2019.2/common/technology/xilinx/common/target_info.tcl 
Execute         source C:/Xilinx/Vivado/2019.2/common/technology/xilinx/interface/xilinx_interface.hlp 
Execute           source C:/Xilinx/Vivado/2019.2/common/technology/xilinx/interface/maxi.hlp 
Execute           source C:/Xilinx/Vivado/2019.2/common/technology/xilinx/interface/saxilite.hlp 
Execute         source C:/Xilinx/Vivado/2019.2/common/technology/xilinx/common/dsp48.hlp 
Execute     source C:/Xilinx/Vivado/2019.2/common/technology/xilinx/zynq/zynq.gen 
Execute       source C:/Xilinx/Vivado/2019.2/common/technology/xilinx/common/xilinx.gen 
Execute         source C:/Xilinx/Vivado/2019.2/common/technology/xilinx/interface/plb46.gen 
Execute         source C:/Xilinx/Vivado/2019.2/common/technology/xilinx/interface/fsl.gen 
Execute         source C:/Xilinx/Vivado/2019.2/common/technology/xilinx/interface/axi4.gen 
Execute         source C:/Xilinx/Vivado/2019.2/common/technology/xilinx/interface/nativeAXI4.gen 
Execute           source C:/Xilinx/Vivado/2019.2/common/technology/xilinx/interface/saxilite.gen 
Execute           source C:/Xilinx/Vivado/2019.2/common/technology/xilinx/interface/maxi.gen 
Execute         source C:/Xilinx/Vivado/2019.2/common/technology/xilinx/scripts/xilinxcoregen.gen 
Execute         source C:/Xilinx/Vivado/2019.2/common/technology/xilinx/interface/XilEDKCoreGen.gen 
Execute         source C:/Xilinx/Vivado/2019.2/common/technology/xilinx/ip/dds_compiler.gen 
Execute         source C:/Xilinx/Vivado/2019.2/common/technology/xilinx/ip/util.gen 
Execute         source C:/Xilinx/Vivado/2019.2/common/technology/xilinx/ip/xfft.gen 
Command         ap_source done; 0.214 sec.
Execute         source C:/Xilinx/Vivado/2019.2/common/technology/xilinx/ip/xfir.gen 
Execute         source C:/Xilinx/Vivado/2019.2/common/technology/xilinx/common/dsp48.gen 
Command       ap_source done; 0.323 sec.
Command     ap_source done; 0.324 sec.
Execute     open_platform DefaultPlatform 
Execute     import_lib C:/Xilinx/Vivado/2019.2/common/technology/xilinx/zynq/zynq_fpv6 
Execute       source C:/Xilinx/Vivado/2019.2/common/technology/xilinx/common/xilinx_fp.lib 
Execute       source C:/Xilinx/Vivado/2019.2/common/technology/xilinx/common/xilinx_fp.hlp 
Execute         source C:/Xilinx/Vivado/2019.2/common/technology/xilinx/common/xilinx.hlp 
Execute           source C:/Xilinx/Vivado/2019.2/common/technology/xilinx/common/target_info.tcl 
Execute           source C:/Xilinx/Vivado/2019.2/common/technology/xilinx/interface/xilinx_interface.hlp 
Execute             source C:/Xilinx/Vivado/2019.2/common/technology/xilinx/interface/maxi.hlp 
Execute             source C:/Xilinx/Vivado/2019.2/common/technology/xilinx/interface/saxilite.hlp 
Execute           source C:/Xilinx/Vivado/2019.2/common/technology/xilinx/common/dsp48.hlp 
Execute     source C:/Xilinx/Vivado/2019.2/common/technology/xilinx/zynq/zynq_fpv6.gen 
Execute       source C:/Xilinx/Vivado/2019.2/common/technology/xilinx/common/xilinx_fp.gen 
Execute     set_part xc7z045-ffg900-2 
Execute       ap_part_info -name xc7z045-ffg900-2 -data single -quiet 
Command       ap_part_info done; 1.468 sec.
Execute       ap_part_info -name xc7z045-ffg900-2 -data info 
Execute       add_library xilinx/zynq/zynq:xc7z045:-ffg900:-2 
Execute         get_default_platform 
Execute         ap_part_info -data single -name xc7z045-ffg900-2 
Execute         ap_part_info -name xc7z045-ffg900-2 -data resources 
Execute         ap_part_info -name xc7z045-ffg900-2 -data info 
Execute         ap_part_info -name xc7z045-ffg900-2 -data info 
Execute         config_chip_info -quiet -resource {SLICE 54650} {LUT 218600} {FF 437200} {DSP48E 900} {BRAM 1090} {URAM 0} 
Execute         ap_part_info -name xc7z045-ffg900-2 -data info 
Execute         config_chip_info -quiet -speed medium 
Command       add_library done; 0.125 sec.
Execute       add_library xilinx/zynq/zynq_fpv6 
Execute         get_default_platform 
INFO: [HLS 200-10] Setting target device to 'xc7z045-ffg900-2'
Execute       ap_part_info -name xc7z045-ffg900-2 -data info 
Execute       get_default_platform 
Command     set_part done; 1.858 sec.
Execute     ap_part_info -data single -name xc7z045-ffg900-2 
Execute     ap_part_info -name xc7z045-ffg900-2 -data resources 
Execute     ap_part_info -name xc7z045-ffg900-2 -data info 
Execute     ap_part_info -name xc7z045-ffg900-2 -data info 
Execute     config_chip_info -quiet -resource {SLICE 54650} {LUT 218600} {FF 437200} {DSP48E 900} {BRAM 1090} {URAM 0} 
Execute     ap_part_info -name xc7z045-ffg900-2 -data info 
Execute     config_chip_info -quiet -speed medium 
Execute     config_export -format=ip_catalog 
Execute     config_export -rtl=verilog 
Command   open_solution done; 2.429 sec.
Execute   set_part xc7z045-ffg900-2 
Execute     ap_part_info -name xc7z045-ffg900-2 -data single -quiet 
Execute     ap_part_info -name xc7z045-ffg900-2 -data info 
Execute     add_library xilinx/zynq/zynq:xc7z045:-ffg900:-2 
Execute       get_default_platform 
Execute       ap_part_info -data single -name xc7z045-ffg900-2 
Execute       ap_part_info -name xc7z045-ffg900-2 -data resources 
Execute       ap_part_info -name xc7z045-ffg900-2 -data info 
Execute       ap_part_info -name xc7z045-ffg900-2 -data info 
Execute       config_chip_info -quiet -resource {SLICE 54650} {LUT 218600} {FF 437200} {DSP48E 900} {BRAM 1090} {URAM 0} 
Execute       ap_part_info -name xc7z045-ffg900-2 -data info 
Execute       config_chip_info -quiet -speed medium 
Command     add_library done; 0.121 sec.
Execute     add_library xilinx/zynq/zynq_fpv6 
Execute       get_default_platform 
Execute     ap_part_info -name xc7z045-ffg900-2 -data info 
Execute     get_default_platform 
Command   set_part done; 0.393 sec.
Execute   create_clock -period 10 -name default 
Execute   config_export -format ip_catalog -rtl verilog 
Execute   csynth_design 
Execute     get_config_compile -dump_cfg 
Execute     get_config_compile -effort 
Execute     get_config_compile -enable_clang39 
Execute     get_config_compile -g 
Execute     get_config_compile -ng 
Execute     get_config_compile -opt_fp 
Execute     get_config_compile -skip_cdt 
Execute     get_config_compile -skip_syncheck 
Execute     get_config_compile -skip_transform 
Execute     get_config_compile -keep_printf 
Execute     elaborate -effort=medium -skip_syncheck=0 -keep_printf=0 -skip_cdt=0 -skip_transform=0 -ng=0 -g=0 -opt_fp=0 -from_csynth_design=1 
Execute       get_config_schedule -relax_ii_for_timing 
INFO: [SCHED 204-61] Option 'relax_ii_for_timing' is enabled, will increase II to preserve clock frequency constraints.
Execute       get_config_schedule -suppress_dependence_error_break 
INFO: [HLS 200-10] Analyzing design file 'LS/core.cpp' ... 
INFO-FLOW: Compiling one TU...
Execute       is_m_axi_addr64 
INFO-FLOW: Handling LS/core.cpp as C++
Execute       ap_part_info -name xc7z045-ffg900-2 -data info 
Execute       is_encrypted LS/core.cpp 
Execute       ap_part_info -name xc7z045-ffg900-2 -data info 
INFO-FLOW: Running: GCC PP
INFO-FLOW: Source preprocessing
Execute       clang  -fno-limit-debug-info -gcc-toolchain "C:/Xilinx/Vivado/2019.2/msys" -hls  -fno-exceptions  -D__llvm__  -E "LS/core.cpp"     -fno-math-errno -c -emit-llvm -O0  -mllvm -disable-llvm-optzns -fno-threadsafe-statics  -fno-use-cxa-atexit  -fno-threadsafe-statics -fno-use-cxa-atexit -D__CLANG_3_1__ -D__cdecl= -DAESL_SYN -D__SYNTHESIS__ -D__HLS_SYN__ -I "C:/Xilinx/Vivado/2019.2/common/technology/autopilot" -I "C:/Xilinx/Vivado/2019.2/common/technology/autopilot/ap_sysc" -include etc/autopilot_ssdm_op.h -D__DSP48E1__  -o "C:/Users/Mukesh/AppData/Roaming/Xilinx/Vivado/LS/solution1/.autopilot/db/core.pp.0.cpp" 
INFO-FLOW: exec C:/Xilinx/Vivado/2019.2/win64/tools/clang/bin/clang -fno-limit-debug-info -gcc-toolchain C:/Xilinx/Vivado/2019.2/msys -hls -fno-exceptions -D__llvm__ -E LS/core.cpp -fno-math-errno -c -emit-llvm -O0 -mllvm -disable-llvm-optzns -fno-threadsafe-statics -fno-use-cxa-atexit -fno-threadsafe-statics -fno-use-cxa-atexit -D__CLANG_3_1__ -D__cdecl= -DAESL_SYN -D__SYNTHESIS__ -D__HLS_SYN__ -I C:/Xilinx/Vivado/2019.2/common/technology/autopilot -I C:/Xilinx/Vivado/2019.2/common/technology/autopilot/ap_sysc -include etc/autopilot_ssdm_op.h -D__DSP48E1__ -o C:/Users/Mukesh/AppData/Roaming/Xilinx/Vivado/LS/solution1/.autopilot/db/core.pp.0.cpp
Command       clang done; 1.39 sec.
Execute       tidy_31 xilinx-xfmat-array-geometry C:/Users/Mukesh/AppData/Roaming/Xilinx/Vivado/LS/solution1/.autopilot/db/core.pp.0.cpp std=gnu++98 
INFO-FLOW: exec C:/Xilinx/Vivado/2019.2/win64/tools/clang-3.9-csynth/bin/tidy-3.1 -header-filter=.* -checks=-*,xilinx-xfmat-array-geometry -quiet -fix C:/Users/Mukesh/AppData/Roaming/Xilinx/Vivado/LS/solution1/.autopilot/db/core.pp.0.cpp -- -std=gnu++98 -fhls -ferror-limit=0
Command       tidy_31 done; 1.936 sec.
INFO-FLOW: Syntax Checking before pre-processing...
Execute       clang -syntaxcheck -src C:/Users/Mukesh/AppData/Roaming/Xilinx/Vivado/LS/solution1/.autopilot/db/core.pp.0.cpp  -fno-limit-debug-info -gcc-toolchain "C:/Xilinx/Vivado/2019.2/msys" -hls    -fno-math-errno -c -emit-llvm -O0  -mllvm -disable-llvm-optzns -fno-threadsafe-statics  -fno-use-cxa-atexit  -fno-threadsafe-statics -fno-use-cxa-atexit -D__CLANG_3_1__ -D__cdecl= -DAESL_SYN -D__SYNTHESIS__ -D__HLS_SYN__ -I "C:/Xilinx/Vivado/2019.2/common/technology/autopilot" -I "C:/Xilinx/Vivado/2019.2/common/technology/autopilot/ap_sysc" -include etc/autopilot_ssdm_op.h -D__DSP48E1__  "C:/Users/Mukesh/AppData/Roaming/Xilinx/Vivado/LS/solution1/.autopilot/db/core.pp.0.cpp"  -o "C:/Users/Mukesh/AppData/Roaming/Xilinx/Vivado/LS/solution1/.autopilot/db/useless.bc"  
INFO-FLOW: exec C:/Xilinx/Vivado/2019.2/win64/tools/clang/bin/clang -fno-limit-debug-info -gcc-toolchain C:/Xilinx/Vivado/2019.2/msys -hls -fno-math-errno -c -emit-llvm -O0 -mllvm -disable-llvm-optzns -fno-threadsafe-statics -fno-use-cxa-atexit -fno-threadsafe-statics -fno-use-cxa-atexit -D__CLANG_3_1__ -D__cdecl= -DAESL_SYN -D__SYNTHESIS__ -D__HLS_SYN__ -I C:/Xilinx/Vivado/2019.2/common/technology/autopilot -I C:/Xilinx/Vivado/2019.2/common/technology/autopilot/ap_sysc -include etc/autopilot_ssdm_op.h -D__DSP48E1__ C:/Users/Mukesh/AppData/Roaming/Xilinx/Vivado/LS/solution1/.autopilot/db/core.pp.0.cpp -o C:/Users/Mukesh/AppData/Roaming/Xilinx/Vivado/LS/solution1/.autopilot/db/useless.bc
Command       clang done; 6.536 sec.
INFO-FLOW: Done: GCC PP time: 9.9 seconds per iteration
Execute       source C:/Xilinx/Vivado/2019.2/tps/tcl/tcllib1.11.1/yaml/huddle.tcl 
Execute       source C:/Xilinx/Vivado/2019.2/tps/tcl/tcllib1.11.1/yaml/json2huddle.tcl 
Execute         source C:/Xilinx/Vivado/2019.2/tps/tcl/tcllib1.11.1/try/try.tcl 
Execute       list_core -type functional_unit 
Execute       tidy_31 xilinx-systemc-detector C:/Users/Mukesh/AppData/Roaming/Xilinx/Vivado/LS/solution1/.autopilot/db/core.pp.0.cpp std=gnu++98 -directive=C:/Users/Mukesh/AppData/Roaming/Xilinx/Vivado/LS/solution1/.autopilot/db/.systemc_flag 
INFO-FLOW: exec C:/Xilinx/Vivado/2019.2/win64/tools/clang-3.9-csynth/bin/tidy-3.1 -header-filter=.* -checks=-*,xilinx-systemc-detector -import-directive=C:/Users/Mukesh/AppData/Roaming/Xilinx/Vivado/LS/solution1/.autopilot/db/.systemc_flag -quiet -fix-errors C:/Users/Mukesh/AppData/Roaming/Xilinx/Vivado/LS/solution1/.autopilot/db/core.pp.0.cpp -- -std=gnu++98 -fhls -ferror-limit=0
Command       tidy_31 done; 2.128 sec.
INFO-FLOW: Running: tidy-3.1 CDT preprocess
Execute       tidy_31 xilinx-directive2pragma C:/Users/Mukesh/AppData/Roaming/Xilinx/Vivado/LS/solution1/.autopilot/db/core.pp.0.cpp std=gnu++98 -directive=C:/Users/Mukesh/AppData/Roaming/Xilinx/Vivado/LS/solution1/.autopilot/db/all.directive.json 
INFO-FLOW: exec C:/Xilinx/Vivado/2019.2/win64/tools/clang-3.9-csynth/bin/tidy-3.1 -header-filter=.* -checks=-*,xilinx-directive2pragma -import-directive=C:/Users/Mukesh/AppData/Roaming/Xilinx/Vivado/LS/solution1/.autopilot/db/all.directive.json -quiet -fix-errors C:/Users/Mukesh/AppData/Roaming/Xilinx/Vivado/LS/solution1/.autopilot/db/core.pp.0.cpp -- -std=gnu++98 -fhls -ferror-limit=0
Command       tidy_31 done; 1.206 sec.
Execute       get_config_dataflow -strict_mode 
Execute       ap_eval exec -ignorestderr C:/Xilinx/Vivado/2019.2/win64/tools/clang-3.9-csynth/bin/xilinx-dataflow-lawyer -export-fixes=C:/Users/Mukesh/AppData/Roaming/Xilinx/Vivado/LS/solution1/.autopilot/db/xilinx-dataflow-lawyer.core.pp.0.cpp.diag.yml C:/Users/Mukesh/AppData/Roaming/Xilinx/Vivado/LS/solution1/.autopilot/db/core.pp.0.cpp -- -std=gnu++98 -fhls -ferror-limit=0 -fstrict-dataflow > C:/Users/Mukesh/AppData/Roaming/Xilinx/Vivado/LS/solution1/.autopilot/db/xilinx-dataflow-lawyer.core.pp.0.cpp.out.log 2> C:/Users/Mukesh/AppData/Roaming/Xilinx/Vivado/LS/solution1/.autopilot/db/xilinx-dataflow-lawyer.core.pp.0.cpp.err.log 
Command       ap_eval done; 2.358 sec.
Execute       tidy_31 -errorcheck xilinx-constantarray-param,xilinx-resource-pragma-transformer,xilinx-xfmat-array-geometry C:/Users/Mukesh/AppData/Roaming/Xilinx/Vivado/LS/solution1/.autopilot/db/core.pp.0.cpp std=gnu++98 
Execute         ap_eval exec -ignorestderr C:/Xilinx/Vivado/2019.2/win64/tools/clang-3.9-csynth/bin/tidy-3.1 -export-fixes=C:/Users/Mukesh/AppData/Roaming/Xilinx/Vivado/LS/solution1/.autopilot/db/tidy-3.1.core.pp.0.cpp.diag.yml -header-filter=.* -checks=-*,xilinx-constantarray-param,xilinx-resource-pragma-transformer,xilinx-xfmat-array-geometry -quiet -fix-errors C:/Users/Mukesh/AppData/Roaming/Xilinx/Vivado/LS/solution1/.autopilot/db/core.pp.0.cpp -- -std=gnu++98 -fhls -ferror-limit=0 > C:/Users/Mukesh/AppData/Roaming/Xilinx/Vivado/LS/solution1/.autopilot/db/tidy-3.1.core.pp.0.cpp.out.log 2> C:/Users/Mukesh/AppData/Roaming/Xilinx/Vivado/LS/solution1/.autopilot/db/tidy-3.1.core.pp.0.cpp.err.log 
Command         ap_eval done; 2.589 sec.
Execute         source C:/Xilinx/Vivado/2019.2/tps/tcl/tcllib1.11.1/yaml/yaml.tcl 
Execute           source C:/Xilinx/Vivado/2019.2/tps/tcl/tcllib1.11.1/cmdline/cmdline.tcl 
Execute         ap_eval exec -ignorestderr C:/Xilinx/Vivado/2019.2/win64/tools/clang-3.9-csynth/bin/xilinx-legacy-rewriter C:/Users/Mukesh/AppData/Roaming/Xilinx/Vivado/LS/solution1/.autopilot/db/core.pp.0.cpp -- -std=gnu++98 -fhls -ferror-limit=0 > C:/Users/Mukesh/AppData/Roaming/Xilinx/Vivado/LS/solution1/.autopilot/db/xilinx-legacy-rewriter.core.pp.0.cpp.out.log 2> C:/Users/Mukesh/AppData/Roaming/Xilinx/Vivado/LS/solution1/.autopilot/db/xilinx-legacy-rewriter.core.pp.0.cpp.err.log 
Command         ap_eval done; 0.782 sec.
Command       tidy_31 done; 3.405 sec.
INFO-FLOW: Done: tidy-3.1 CDT preprocess time: 7 seconds per iteration
INFO-FLOW: Pragma Handling...
Execute       tidy_31 xilinx-ssdm-intrinsics-arguments C:/Users/Mukesh/AppData/Roaming/Xilinx/Vivado/LS/solution1/.autopilot/db/core.pragma.1.cpp std=gnu++98 
INFO-FLOW: exec C:/Xilinx/Vivado/2019.2/win64/tools/clang-3.9-csynth/bin/tidy-3.1 -header-filter=.* -checks=-*,xilinx-ssdm-intrinsics-arguments -quiet -fix-errors C:/Users/Mukesh/AppData/Roaming/Xilinx/Vivado/LS/solution1/.autopilot/db/core.pragma.1.cpp -- -std=gnu++98 -fhls -ferror-limit=0
Command       tidy_31 done; 4.568 sec.
Execute       ap_part_info -name xc7z045-ffg900-2 -data info 
INFO-FLOW: Processing labels
Execute       clang -src C:/Users/Mukesh/AppData/Roaming/Xilinx/Vivado/LS/solution1/.autopilot/db/core.pragma.2.cpp  -fno-limit-debug-info -gcc-toolchain C:/Xilinx/Vivado/2019.2/msys -hls -hls-analyze-label -hls-analyze-pragma -fno-exceptions  -D__llvm__  -w  "C:/Users/Mukesh/AppData/Roaming/Xilinx/Vivado/LS/solution1/.autopilot/db/core.pragma.2.cpp"    -fno-math-errno -c -emit-llvm -O0  -mllvm -disable-llvm-optzns -fno-threadsafe-statics  -fno-use-cxa-atexit -DAESL_SYN -D__SYNTHESIS__ -D__HLS_SYN__ -I "C:/Xilinx/Vivado/2019.2/common/technology/autopilot" -I "C:/Xilinx/Vivado/2019.2/common/technology/autopilot/ap_sysc" -include etc/autopilot_ssdm_op.h -D__DSP48E1__ -g -o "C:/Users/Mukesh/AppData/Roaming/Xilinx/Vivado/LS/solution1/.autopilot/db/core.bc" 
INFO-FLOW: exec C:/Xilinx/Vivado/2019.2/win64/tools/clang/bin/clang -fno-limit-debug-info -gcc-toolchain C:/Xilinx/Vivado/2019.2/msys -hls -hls-analyze-label -hls-analyze-pragma -fno-exceptions -D__llvm__ -w C:/Users/Mukesh/AppData/Roaming/Xilinx/Vivado/LS/solution1/.autopilot/db/core.pragma.2.cpp -fno-math-errno -c -emit-llvm -O0 -mllvm -disable-llvm-optzns -fno-threadsafe-statics -fno-use-cxa-atexit -DAESL_SYN -D__SYNTHESIS__ -D__HLS_SYN__ -I C:/Xilinx/Vivado/2019.2/common/technology/autopilot -I C:/Xilinx/Vivado/2019.2/common/technology/autopilot/ap_sysc -include etc/autopilot_ssdm_op.h -D__DSP48E1__ -g -o C:/Users/Mukesh/AppData/Roaming/Xilinx/Vivado/LS/solution1/.autopilot/db/core.bc
Command       clang done; 8.927 sec.
INFO-FLOW: Linking Debug ...
Execute       llvm-ld C:/Users/Mukesh/AppData/Roaming/Xilinx/Vivado/LS/solution1/.autopilot/db/core.g.bc -hls-opt -except-internalize long_subtraction -LC:/Xilinx/Vivado/2019.2/win64/lib -lhlsm -lhlsmc++ -o C:/Users/Mukesh/AppData/Roaming/Xilinx/Vivado/LS/solution1/.autopilot/db/a.g 
Command       llvm-ld done; 4.175 sec.
INFO: [HLS 200-111] Finished Linking Time (s): cpu = 00:00:03 ; elapsed = 00:00:41 . Memory (MB): peak = 180.168 ; gain = 87.906
INFO: [HLS 200-111] Finished Checking Pragmas Time (s): cpu = 00:00:03 ; elapsed = 00:00:41 . Memory (MB): peak = 180.168 ; gain = 87.906
Execute       get_config_sdx -target 
Execute       opt_and_import_c a -opt_level=2 -skip_syncheck=0 -ng=0 -keep_printf=0 
Execute         cleanup_all_models 
INFO: [HLS 200-10] Starting code transformations ...
Execute         transform -promote-dbg-pointer C:/Users/Mukesh/AppData/Roaming/Xilinx/Vivado/LS/solution1/.autopilot/db/a.pp.bc -o C:/Users/Mukesh/AppData/Roaming/Xilinx/Vivado/LS/solution1/.autopilot/db/a.pp.0.bc -f 
Command         transform done; 0.845 sec.
Execute         llvm-ld C:/Users/Mukesh/AppData/Roaming/Xilinx/Vivado/LS/solution1/.autopilot/db/a.pp.0.bc -disable-opt -LC:/Xilinx/Vivado/2019.2/win64/lib -lfloatconversion -o C:/Users/Mukesh/AppData/Roaming/Xilinx/Vivado/LS/solution1/.autopilot/db/a.g.0 
Command         llvm-ld done; 2.748 sec.
INFO-FLOW: Running Standard Transforms...
Execute         transform -hls -share-std-xform -demangle-name -inline-byval-memcpy -always-inline -promote-dbg-pointer -interface-preproc -mem2reg -scalarrepl -mem2reg -keep-read-access -instcombine -dce -promote-dbg-pointer -bitop-raise -loop-simplify -indvarspre -indvars -loop-simplify -xunroll -constprop -instcombine -simplifycfg -indvars -simplifycfg -dce -globaldce -basicaa -simplifycfg -mem2reg -globalopt -global-constprop -deadargelim -instcombine -simplifycfg -prune-eh -simplifycfg -scalarrepl -instcombine -reassociate -licm -simplifycfg -loop-simplify -indvars -instcombine -simplifycfg -mem2reg -loop-simplify -indvars -instcombine -gvn -gvn -instcombine -adce -break-crit-edges -simplifycfg -loop-delete -global-array-opt -dce -dse -adce -find-syn-modules -top long_subtraction -deadargelim -mem2reg -instcombine -dce -presyn-prepare -auto-rom-infer -interface-preproc -syn-check -check-rec-only -find-region -simplifycfg -func-extr -function-inline -globaldce -mem2reg -instcombine -dce -gvn -globaldce -adce -adse -constprop -instcombine -bit-constprop -instcombine -dce -simplifycfg -bitop-raise -simplifycfg -dce -loop-delete -reassociate -globalopt -global-privatize -mem2reg -dce -global-constprop -pointer-simplify -constprop -dce -func-inst -deadargelim -auto-shift-reg-idiom -promote-dbg-pointer -norm-name C:/Users/Mukesh/AppData/Roaming/Xilinx/Vivado/LS/solution1/.autopilot/db/a.g.0.bc -o C:/Users/Mukesh/AppData/Roaming/Xilinx/Vivado/LS/solution1/.autopilot/db/a.g.1.bc -f -phase std-opt 
Command         transform done; 0.505 sec.
INFO: [HLS 200-111] Finished Standard Transforms Time (s): cpu = 00:00:05 ; elapsed = 00:00:46 . Memory (MB): peak = 231.715 ; gain = 139.453
INFO: [HLS 200-10] Checking synthesizability ...
INFO-FLOW: Checking Synthesizability 1/2..
Execute         transform -hls -syn-check -check-rec-only -disaggr -scalarrepl -norm-name -dce -mem2reg -instcombine -function-uniquify -directive-preproc -mem2reg -dse -dce -auto-rom-infer -dce -pag -array-normalize -instcombine -dce -warn-fifo-pointer -array-seg-normalize -instcombine -dce -array-flatten -instcombine -dce -array-burst -dce -deadargelim -promote-global-argument -simplifycfg -mem2reg -globaldce -dce -deadargelim -dce -instcombine -function-inline -globaldce -dce -doublePtrSimplify -doublePtrElim -dce -doublePtrSimplify -promote-dbg-pointer -dce -scalarrepl -dse -adse -instcombine -ptrLegalization -simplifycfg -dce -instcombine -pointer-simplify -ptrArgReplace -dce -instcombine -resolve-double-ptr -disaggr -scalarrepl -norm-name -dce -mem2reg -instcombine -ptrLegalization -simplifycfg -deadargelim -instcombine -dce -inst-simplify -function-uniquify -directive-preproc -mem2reg -dse -dce -globaldce -check-dspbuiltin C:/Users/Mukesh/AppData/Roaming/Xilinx/Vivado/LS/solution1/.autopilot/db/a.g.1.bc -o C:/Users/Mukesh/AppData/Roaming/Xilinx/Vivado/LS/solution1/.autopilot/db/a.g.2.prechk.bc -f 
INFO: [XFORM 203-602] Inlining function 'log_reduce::log' into 'log_reduce::log10' (r:/builds/2019.2/continuous/2019_11_06_2708876/src/products/hls/hls_lib/hlsmath/src/common/hls_log_double.cpp:18) automatically.
INFO: [XFORM 203-602] Inlining function 'log_reduce::log10' into 'hls::log10' (r:/builds/2019.2/continuous/2019_11_06_2708876/src/products/hls/hls_lib/hlsmath/src/c++/logdouble.cpp:16) automatically.
INFO: [XFORM 203-602] Inlining function 'hls::log10' into 'long_subtraction' (LS/core.cpp:19) automatically.
Command         transform done; 0.358 sec.
INFO-FLOW: Checking Synthesizability 2/2..
Execute         transform -syn-check C:/Users/Mukesh/AppData/Roaming/Xilinx/Vivado/LS/solution1/.autopilot/db/a.g.2.prechk.bc -o C:/Users/Mukesh/AppData/Roaming/Xilinx/Vivado/LS/solution1/.autopilot/db/a.g.2.bc -f -phase syn-check 
WARNING: [SYNCHK 200-23] LS/core.cpp:32: variable-indexed range selection may cause suboptimal QoR.
INFO: [SYNCHK 200-10] 0 error(s), 1 warning(s).
Command         transform done; 0.142 sec.
INFO: [HLS 200-111] Finished Checking Synthesizability Time (s): cpu = 00:00:05 ; elapsed = 00:00:46 . Memory (MB): peak = 268.199 ; gain = 175.938
INFO-FLOW: Compiler optimizing ...
INFO-FLOW: Share syncheck's 1.bc for syn flow: copy C:/Users/Mukesh/AppData/Roaming/Xilinx/Vivado/LS/solution1/.autopilot/db/a.g.1.bc to C:/Users/Mukesh/AppData/Roaming/Xilinx/Vivado/LS/solution1/.autopilot/db/a.o.1.bc
INFO-FLOW: Presyn 1...
Execute         transform -hls -tmp C:/Users/Mukesh/AppData/Roaming/Xilinx/Vivado/LS/solution1/.autopilot/db -interface-port-rename -type-info -function-uniquify -directive-preproc -mem2reg -dse -dce -disaggr -scalarrepl -norm-name -deadargelim -mem2reg -instcombine -dce -simplifycfg -auto-rom-infer -dce -function-uniquify -resource-proc -clib-intrinsic-prepare -dce -func-buffer -dce -pag -array-normalize -func-legal -instcombine -gvn -constprop -dce -simplifycfg -mem2reg -globaldce -resolve-double-ptr -dce -deadargelim -dce -instcombine -ptrArgReplace -mem2reg -dce -array-seg-normalize -deadargelim -instcombine -dce -pointer-simplify -dce -port-alignment -dce -interface-preproc -data-pack -instcombine -dce -basicaa -aggr-aa -aggrmodref-aa -aggr-aa -gvn -gvn -basicaa -aggr-aa -aggrmodref-aa -aggr-aa -dse -adse -adce -loop-simplify -indvars -instcombine -gvn -loop-simplify -mem2reg -dce -find-region -instcombine -auto-loop-pipeline -inst-simplify -interface-preproc -cfgopt -instcombine -indvars -auto-loop-unroll -loop-simplify -loop-bound -xunroll -constprop -instcombine -simplifycfg -indvars -simplifycfg -dce -globaldce -clean-region -attach-range -gvn -inst-simplify -constprop -simplifycfg -dce -pointer-simplify -dce -globalopt -constprop -dce -array-promote -constprop -dce -ptrArgReplace -mem2reg -simplifycfg -dce -auto-par -instcombine -dce -array-transform-check -array-reshape -instcombine -simplifycfg -dce -ptrArgReplace -deadargelim -mem2reg -instcombine -simplifycfg -dce -indvars -loop-simplify -loop-bound -xunroll -constprop -instcombine -simplifycfg -indvars -simplifycfg -dce -globaldce -basicaa -aggr-aa -aggrmodref-aa -aggr-aa -dse -duplicate-dataflow-processes -globaldce -instcombine -array-partition -instcombine -simplifycfg -dce -ptrArgReplace -global-constprop -deadargelim -mem2reg -func-legal -dce -global-constprop -deadargelim -mem2reg -simplifycfg -dce -merge-param -deadargelim -globalopt -constprop -dce -array-promote -constprop -dce -ptrArgReplace -mem2reg -simplifycfg -dce -mem-intrinsic-preproc -dce -global-internalize -global-privatize -mem2reg -globaldce -promote-global-argument -ptrArgReplace -mem2reg -dce -globalopt -mergereturn -simplify-global-access -mem2reg -dce -pointer-simplify -dce -functionattrs -basicaa -aggr-aa -aggrmodref-aa -aggr-aa -gvn -gvn -basicaa -aggr-aa -aggrmodref-aa -aggr-aa -dse -adse -adce -dce -norm-name -function-inline -complex-op-raise -inst-simplify -globaldce -func-inst -constprop -instcombine -simplifycfg -dce -func-legal -dce -loop-bound -arraycheck -bitwidthmin -on-by-dataflow -loop-delete -instcombine -simplifycfg -globaldce -dce -gvn -deadargelim -dce -loop-simplify -clean-region -simplifycfg -propagate-stable-arguments -loop-stream -instcombine -simplifycfg -dce -globaldce -duplicate-dataflow-processes -stream-intrinsic-preproc -dce -check-ap-stream -loop-simplify -eliminate-keepreads -extract-dataflow-in-loop -loop-simplify -dce -gvn -deadargelim -dse -check-dataflow-syntax -legalize-stream-variable -legalize-global -extract-subproc -dce -dead-channel-elimination -canonicalize-gep -globaldce -dce -gvn -deadargelim -annotate-dataflow-channels -scalar-propagation -deadargelim -globaldce -mem2reg -check-dataflow-channels -function-stream -dce -globaldce -prop-fifo-spec -internal-stream-gen -canonicalize-gep -globaldce -dce -gvn -deadargelim -mergereturn -indvars -loop-simplify -instcombine -array-stream -array-seg-normalize -array-partition -func-legal -instcombine -simplifycfg -dce -bundle-memfifo-ops -deadargelim -function-uniquify -directive-preproc -mem2reg -dse -dce -group-axi-access -licm -simplifycfg -dce -loop-delete -norm-name C:/Users/Mukesh/AppData/Roaming/Xilinx/Vivado/LS/solution1/.autopilot/db/a.o.1.bc -o C:/Users/Mukesh/AppData/Roaming/Xilinx/Vivado/LS/solution1/.autopilot/db/a.o.1.tmp.bc -f 
INFO: [XFORM 203-502] Unrolling all sub-loops inside loop 'Loop-1' (LS/core.cpp:21) in function 'long_subtraction' for pipelining.
INFO: [HLS 200-489] Unrolling loop 'Loop-1.1' (LS/core.cpp:32) in function 'long_subtraction' completely with a factor of 1.
Command         transform done; 0.576 sec.
INFO-FLOW: Presyn 2...
Execute         transform -hls -keep-callgraph -scalarrepl -mem2reg -port-alignment -attach-range -dce -pipe-mux-gen -indvars -loop-bound -inst-simplify -instcombine -dce -merge-array-access -mem2reg -dce -clean-region -mergereturn -if-conv -instcombine -dce -constprop -basicaa -aggr-aa -aggrmodref-aa -aggr-aa -gvn -gvn -basicaa -aggr-aa -aggrmodref-aa -aggr-aa -dse -adse -adce -scalarrepl -mem2reg -global-constprop -deadargelim -deadargelim -instcombine -dce -simplifycfg -ptrArgReplace -mem2reg -function-inline -globaldce -mem2reg -instcombine -dce -expr-balance -instcombine -dce -bitwidthmin -interface-preproc -directive-preproc -inst-rectify -instcombine -dce -functionattrs -constprop -instcombine -bit-constprop -simplify-global-access -globalopt -globaldce -inst-simplify -instcombine -elimdeaddata -dce -loop-delete -simplifycfg -loop-simplify -auto-burst -norm-name C:/Users/Mukesh/AppData/Roaming/Xilinx/Vivado/LS/solution1/.autopilot/db/a.o.1.tmp.bc -o C:/Users/Mukesh/AppData/Roaming/Xilinx/Vivado/LS/solution1/.autopilot/db/a.o.2.bc -f -phase presyn 
INFO: [XFORM 203-401] Performing if-conversion on hyperblock from (LS/core.cpp:22:5) to (LS/core.cpp:33:2) in function 'long_subtraction'... converting 12 basic blocks.
Command         transform done; 0.188 sec.
INFO: [HLS 200-111] Finished Pre-synthesis Time (s): cpu = 00:00:06 ; elapsed = 00:00:47 . Memory (MB): peak = 336.012 ; gain = 243.750
INFO-FLOW: Building ssdm...
Execute         transform -hls -function-uniquify -auto-function-inline -globaldce -ptrArgReplace -mem2reg -dce -reset-lda -loop-simplify -indvars -licm -loop-dep -loop-bound -licm -loop-simplify -flattenloopnest -array-flatten -gvn -instcombine -dce -array-map -dce -func-legal -gvn -adce -instcombine -cfgopt -simplifycfg -loop-simplify -array-burst -promote-global-argument -dce -ptrLegalization -axi4-lower -array-seg-normalize -basicaa -aggrmodref-aa -globalsmodref-aa -aggr-aa -gvn -gvn -basicaa -aggrmodref-aa -globalsmodref-aa -aggr-aa -dse -adse -adce -licm -inst-simplify -dce -globaldce -instcombine -array-stream -eliminate-keepreads -instcombine -dce -deadargelim -doublePtrSimplify -doublePtrElim -dce -doublePtrSimplify -promote-dbg-pointer -dce -scalarrepl -mem2reg -disaggr -norm-name -mem2reg -instcombine -dse -adse -adce -ptrLegalization -dce -auto-rom-infer -array-flatten -dce -instcombine -check-doubleptr -loop-rot -constprop -cfgopt -simplifycfg -loop-simplify -indvars -pointer-simplify -dce -loop-bound -loop-simplify -loop-preproc -constprop -global-constprop -gvn -mem2reg -instcombine -dce -loop-bound -loop-merge -dce -bitwidthmin -deadargelim -dce -canonicalize-dataflow -dce -scalar-propagation -deadargelim -globaldce -mem2reg -read-loop-dep -interface-preproc -directive-preproc -interface-gen -bram-byte-enable -deadargelim -inst-simplify -dce -gvn -mem2reg -instcombine -dce -adse -loop-bound -instcombine -cfgopt -simplifycfg -loop-simplify -clean-region -io-protocol -find-region -mem2reg -bitop-raise -complex-op-raise -inst-simplify -inst-rectify -instcombine -adce -deadargelim -loop-simplify -phi-opt -bitop-raise -cfgopt -simplifycfg -strip-dead-prototypes -interface-lower -bitop-lower -intrinsic-lower -auto-function-inline -basicaa -aggrmodref-aa -globalsmodref-aa -aggr-aa -inst-simplify -simplifycfg -loop-simplify -mergereturn -inst-simplify -inst-rectify -dce -load-elim -bitop-lower -loop-rewind -pointer-simplify -dce -cfgopt -dce -loop-bound -loop-dep -read-loop-dep -dce -check-stream -norm-name -legalize -validate-dataflow -inst-clarity -bitwidth -dump-loop-dep-to-ir -check-all-ssdm -cdfg-build C:/Users/Mukesh/AppData/Roaming/Xilinx/Vivado/LS/solution1/.autopilot/db/a.o.2.bc -o C:/Users/Mukesh/AppData/Roaming/Xilinx/Vivado/LS/solution1/.autopilot/db/a.o.3.bc -f -phase build-ssdm 
Command         transform done; 0.305 sec.
INFO: [HLS 200-111] Finished Architecture Synthesis Time (s): cpu = 00:00:06 ; elapsed = 00:00:47 . Memory (MB): peak = 343.344 ; gain = 251.082
INFO-FLOW: Finish building internal data model.
Command       opt_and_import_c done; 5.711 sec.
Command     elaborate done; 43.136 sec.
Execute     autosyn -from_csynth_design=1 
INFO: [HLS 200-10] Starting hardware synthesis ...
INFO-FLOW: Synthesizing C/C++ design ...
INFO: [HLS 200-10] Synthesizing 'long_subtraction' ...
Execute       ap_set_top_model long_subtraction 
Execute       get_model_list long_subtraction -filter all-wo-channel -topdown 
Execute       preproc_iomode -model long_subtraction 
Execute       get_model_list long_subtraction -filter all-wo-channel 
INFO-FLOW: Model list for configure: long_subtraction
INFO-FLOW: Configuring Module : long_subtraction ...
Execute       set_default_model long_subtraction 
Execute       apply_spec_resource_limit long_subtraction 
INFO-FLOW: Model list for preprocess: long_subtraction
INFO-FLOW: Preprocessing Module: long_subtraction ...
Execute       set_default_model long_subtraction 
Execute       cdfg_preprocess -model long_subtraction 
Execute       rtl_gen_preprocess long_subtraction 
INFO-FLOW: Model list for synthesis: long_subtraction
INFO: [HLS 200-10] ----------------------------------------------------------------
INFO: [HLS 200-42] -- Implementing module 'long_subtraction' 
INFO: [HLS 200-10] ----------------------------------------------------------------
Execute       set_default_model long_subtraction 
Execute       schedule -model long_subtraction 
INFO: [SCHED 204-11] Starting scheduling ...
INFO: [SCHED 204-61] Pipelining loop 'Loop 1'.
INFO: [SCHED 204-61] Pipelining result : Target II = 1, Final II = 1, Depth = 7.
INFO: [SCHED 204-11] Finished scheduling.
Command       schedule done; 0.614 sec.
INFO: [HLS 200-111]  Elapsed time: 47.892 seconds; current allocated memory: 274.256 MB.
Execute       syn_report -verbosereport -o C:/Users/Mukesh/AppData/Roaming/Xilinx/Vivado/LS/solution1/.autopilot/db/long_subtraction.verbose.sched.rpt 
Execute       db_write -o C:/Users/Mukesh/AppData/Roaming/Xilinx/Vivado/LS/solution1/.autopilot/db/long_subtraction.sched.adb -f 
INFO-FLOW: Finish scheduling long_subtraction.
Execute       set_default_model long_subtraction 
Execute       bind -model long_subtraction 
BIND OPTION: model=long_subtraction
INFO: [BIND 205-100] Starting micro-architecture generation ...
INFO: [BIND 205-101] Performing variable lifetime analysis.
INFO: [BIND 205-101] Exploring resource sharing.
INFO: [BIND 205-101] Binding ...
INFO: [BIND 205-100] Finished micro-architecture generation.
INFO: [HLS 200-111]  Elapsed time: 0.279 seconds; current allocated memory: 274.599 MB.
Execute       syn_report -verbosereport -o C:/Users/Mukesh/AppData/Roaming/Xilinx/Vivado/LS/solution1/.autopilot/db/long_subtraction.verbose.bind.rpt 
Command       syn_report done; 0.109 sec.
Execute       db_write -o C:/Users/Mukesh/AppData/Roaming/Xilinx/Vivado/LS/solution1/.autopilot/db/long_subtraction.bind.adb -f 
INFO-FLOW: Finish binding long_subtraction.
Execute       get_model_list long_subtraction -filter all-wo-channel 
INFO-FLOW: Preprocessing for RTLGen ...
Execute       rtl_gen_preprocess long_subtraction 
INFO-FLOW: Model list for RTL generation: long_subtraction
INFO: [HLS 200-10] ----------------------------------------------------------------
INFO: [HLS 200-10] -- Generating RTL for module 'long_subtraction' 
INFO: [HLS 200-10] ----------------------------------------------------------------
Execute       get_config_rtl -module_prefix 
Execute       get_config_rtl -module_auto_prefix 
Execute       create_rtl_model long_subtraction -vendor xilinx -mg_file C:/Users/Mukesh/AppData/Roaming/Xilinx/Vivado/LS/solution1/.autopilot/db/long_subtraction.compgen.tcl 
INFO: [RTGEN 206-500] Setting interface mode on port 'long_subtraction/a_V' to 'ap_fifo'.
INFO: [RTGEN 206-500] Setting interface mode on port 'long_subtraction/b_V' to 'ap_fifo'.
INFO: [RTGEN 206-500] Setting interface mode on port 'long_subtraction/c_V' to 'ap_fifo'.
INFO: [RTGEN 206-500] Setting interface mode on function 'long_subtraction' to 'ap_ctrl_hs'.
INFO: [SYN 201-210] Renamed object name 'long_subtraction_mul_101ns_129s_229_2_1' to 'long_subtraction_bkb' due to the length limit 20
INFO: [RTGEN 206-100] Generating core module 'long_subtraction_bkb': 1 instance(s).
INFO: [RTGEN 206-100] Finished creating RTL model for 'long_subtraction'.
Command       create_rtl_model done; 0.132 sec.
INFO: [HLS 200-111]  Elapsed time: 0.434 seconds; current allocated memory: 275.312 MB.
Execute       source C:/Users/Mukesh/AppData/Roaming/Xilinx/Vivado/LS/solution1/.autopilot/db/long_subtraction.rtl_wrap.cfg.tcl 
Execute       gen_rtl long_subtraction -istop -style xilinx -tracefl mytrace -tracefmt vcd -traceopt all -f -lang sc -o C:/Users/Mukesh/AppData/Roaming/Xilinx/Vivado/LS/solution1/syn/systemc/long_subtraction -synmodules long_subtraction 
Execute       gen_rtl long_subtraction -istop -style xilinx -f -lang vhdl -o C:/Users/Mukesh/AppData/Roaming/Xilinx/Vivado/LS/solution1/syn/vhdl/long_subtraction 
Execute       gen_rtl long_subtraction -istop -style xilinx -f -lang vlog -o C:/Users/Mukesh/AppData/Roaming/Xilinx/Vivado/LS/solution1/syn/verilog/long_subtraction 
Execute       syn_report -csynth -model long_subtraction -o C:/Users/Mukesh/AppData/Roaming/Xilinx/Vivado/LS/solution1/syn/report/long_subtraction_csynth.rpt 
Execute       syn_report -rtlxml -model long_subtraction -o C:/Users/Mukesh/AppData/Roaming/Xilinx/Vivado/LS/solution1/syn/report/long_subtraction_csynth.xml 
Execute       syn_report -verbosereport -model long_subtraction -o C:/Users/Mukesh/AppData/Roaming/Xilinx/Vivado/LS/solution1/.autopilot/db/long_subtraction.verbose.rpt 
Command       syn_report done; 0.165 sec.
Execute       db_write -model long_subtraction -f -o C:/Users/Mukesh/AppData/Roaming/Xilinx/Vivado/LS/solution1/.autopilot/db/long_subtraction.adb 
Command       db_write done; 0.12 sec.
Execute       gen_tb_info long_subtraction -p C:/Users/Mukesh/AppData/Roaming/Xilinx/Vivado/LS/solution1/.autopilot/db -o C:/Users/Mukesh/AppData/Roaming/Xilinx/Vivado/LS/solution1/.autopilot/db/long_subtraction 
Execute       export_constraint_db -f -tool general -o C:/Users/Mukesh/AppData/Roaming/Xilinx/Vivado/LS/solution1/.autopilot/db/long_subtraction.constraint.tcl 
Execute       syn_report -designview -model long_subtraction -o C:/Users/Mukesh/AppData/Roaming/Xilinx/Vivado/LS/solution1/.autopilot/db/long_subtraction.design.xml 
Execute       get_config_rtl -disable_wave_debug 
Execute       syn_report -wcfg -model long_subtraction -o C:/Users/Mukesh/AppData/Roaming/Xilinx/Vivado/LS/solution1/.autopilot/db/long_subtraction_dataflow_ana.wcfg 
Execute       syn_report -protoinst -model long_subtraction -o C:/Users/Mukesh/AppData/Roaming/Xilinx/Vivado/LS/solution1/.autopilot/db/long_subtraction.protoinst 
Execute       get_config_debug -directory 
Execute       sc_get_clocks long_subtraction 
Execute       get_config_export -vivado_clock 
Execute       sc_get_portdomain long_subtraction 
INFO-FLOW: Model list for RTL component generation: long_subtraction
INFO-FLOW: Handling components in module [long_subtraction] ... 
Execute       source C:/Users/Mukesh/AppData/Roaming/Xilinx/Vivado/LS/solution1/.autopilot/db/long_subtraction.compgen.tcl 
INFO-FLOW: Found component long_subtraction_bkb.
INFO-FLOW: Append model long_subtraction_bkb
INFO-FLOW: Append model long_subtraction
INFO-FLOW: Generating RTL model list ...
INFO-FLOW: All models in this session: long_subtraction_bkb long_subtraction
INFO-FLOW: To file: write model long_subtraction_bkb
INFO-FLOW: To file: write model long_subtraction
INFO-FLOW: Finished generating RTL model list.


INFO-FLOW: RTL Generation done.
INFO-FLOW: CAS Generation done.
INFO-FLOW: CBC Generation done.
Execute       syn_report -model long_subtraction -printsummary 
INFO: [HLS 200-790] **** Loop Constraint Status: All loop constraints were satisfied.
INFO: [HLS 200-789] **** Estimated Fmax: 115.45 MHz
INFO-FLOW: DBG:CMD: auto_generate_csynth_design
INFO-FLOW: DBG:CMD:     auto_generate --sim-model -phase csynth_design -d C:/Users/Mukesh/AppData/Roaming/Xilinx/Vivado/LS/solution1
Execute       source C:/Users/Mukesh/AppData/Roaming/Xilinx/Vivado/LS/solution1/.autopilot/db/global.setting.tcl 
INFO-FLOW: DBG:CMD: read_platform_lib C:/Users/Mukesh/AppData/Roaming/Xilinx/Vivado/LS/solution1/.autopilot/db/global.setting.tcl
Execute       source C:/Xilinx/Vivado/2019.2/common/technology/generic/autopilot/common.gen 
Execute         source C:/Xilinx/Vivado/2019.2/common/technology/generic/autopilot/APCoreGen.gen 
Execute       source C:/Xilinx/Vivado/2019.2/common/technology/generic/autopilot/op.gen 
Execute       source C:/Xilinx/Vivado/2019.2/common/technology/generic/autopilot/op_simcore.gen 
Execute       source C:/Xilinx/Vivado/2019.2/common/technology/generic/autopilot/interface.gen 
Execute       source C:/Users/Mukesh/AppData/Roaming/Xilinx/Vivado/LS/solution1/.autopilot/db/global.setting.tcl 
Execute       source C:/Xilinx/Vivado/2019.2/common/technology/xilinx/zynq/zynq.gen 
Execute         source C:/Xilinx/Vivado/2019.2/common/technology/xilinx/common/xilinx.gen 
Execute           source C:/Xilinx/Vivado/2019.2/common/technology/xilinx/interface/plb46.gen 
Execute           source C:/Xilinx/Vivado/2019.2/common/technology/xilinx/interface/fsl.gen 
Execute           source C:/Xilinx/Vivado/2019.2/common/technology/xilinx/interface/axi4.gen 
Execute           source C:/Xilinx/Vivado/2019.2/common/technology/xilinx/interface/nativeAXI4.gen 
Execute             source C:/Xilinx/Vivado/2019.2/common/technology/xilinx/interface/saxilite.gen 
Execute             source C:/Xilinx/Vivado/2019.2/common/technology/xilinx/interface/maxi.gen 
Execute           source C:/Xilinx/Vivado/2019.2/common/technology/xilinx/scripts/xilinxcoregen.gen 
Execute           source C:/Xilinx/Vivado/2019.2/common/technology/xilinx/interface/XilEDKCoreGen.gen 
Execute           source C:/Xilinx/Vivado/2019.2/common/technology/xilinx/ip/dds_compiler.gen 
Execute           source C:/Xilinx/Vivado/2019.2/common/technology/xilinx/ip/util.gen 
Execute           source C:/Xilinx/Vivado/2019.2/common/technology/xilinx/ip/xfft.gen 
Command           ap_source done; 0.212 sec.
Execute           source C:/Xilinx/Vivado/2019.2/common/technology/xilinx/ip/xfir.gen 
Execute           source C:/Xilinx/Vivado/2019.2/common/technology/xilinx/common/dsp48.gen 
Command         ap_source done; 0.341 sec.
Command       ap_source done; 0.342 sec.
Execute       source C:/Xilinx/Vivado/2019.2/common/technology/xilinx/zynq/zynq_fpv6.gen 
Execute         source C:/Xilinx/Vivado/2019.2/common/technology/xilinx/common/xilinx_fp.gen 
INFO-FLOW: DBG:CMD:   using AESL_AUTOCG::g_clock_period=10.000 (was NA)
INFO-FLOW: DBG:CMD:       generate_ip_cores sim=1 export=0 expOnly=0 dstVlogDir=syn/verilog
Execute       source C:/Users/Mukesh/AppData/Roaming/Xilinx/Vivado/LS/solution1/.autopilot/db/global.setting.tcl 
Execute       ap_part_info -name xc7z045-ffg900-2 -data names -quiet 
Execute       ap_part_info -name xc7z045-ffg900-2 -data info -quiet 
Execute       source C:/Users/Mukesh/AppData/Roaming/Xilinx/Vivado/LS/solution1/.autopilot/db/global.setting.tcl 
Execute       source C:/Users/Mukesh/AppData/Roaming/Xilinx/Vivado/LS/solution1/.autopilot/db/global.setting.tcl 
Execute       source C:/Users/Mukesh/AppData/Roaming/Xilinx/Vivado/LS/solution1/.autopilot/db/long_subtraction.compgen.tcl 
Execute         ap_part_info -name xc7z045-ffg900-2 -data names -quiet 
Execute         ap_part_info -name xc7z045-ffg900-2 -data info -quiet 
Execute         ap_part_info -name xc7z045-ffg900-2 -data names -quiet 
Execute         ap_part_info -name xc7z045-ffg900-2 -data info -quiet 
INFO: [RTMG 210-282] Generating pipelined core: 'long_subtraction_bkb_MulnS_0'
Command       ap_source done; 0.163 sec.
INFO-FLOW: DBG:CMD:     auto_generate -export -impltomg_flag -rtl both -tool Vivado -pcore_version 1.00.a -phase csynth_design -d C:/Users/Mukesh/AppData/Roaming/Xilinx/Vivado/LS/solution1
Execute       source C:/Users/Mukesh/AppData/Roaming/Xilinx/Vivado/LS/solution1/.autopilot/db/global.setting.tcl 
INFO-FLOW: DBG:CMD: read_platform_lib C:/Users/Mukesh/AppData/Roaming/Xilinx/Vivado/LS/solution1/.autopilot/db/global.setting.tcl
Execute       source C:/Xilinx/Vivado/2019.2/common/technology/generic/autopilot/common.gen 
Execute         source C:/Xilinx/Vivado/2019.2/common/technology/generic/autopilot/APCoreGen.gen 
Execute       source C:/Xilinx/Vivado/2019.2/common/technology/generic/autopilot/op.gen 
Execute       source C:/Xilinx/Vivado/2019.2/common/technology/generic/autopilot/op_simcore.gen 
Execute       source C:/Xilinx/Vivado/2019.2/common/technology/generic/autopilot/interface.gen 
Execute       source C:/Users/Mukesh/AppData/Roaming/Xilinx/Vivado/LS/solution1/.autopilot/db/global.setting.tcl 
Execute       source C:/Xilinx/Vivado/2019.2/common/technology/xilinx/zynq/zynq.gen 
Execute         source C:/Xilinx/Vivado/2019.2/common/technology/xilinx/common/xilinx.gen 
Execute           source C:/Xilinx/Vivado/2019.2/common/technology/xilinx/interface/plb46.gen 
Execute           source C:/Xilinx/Vivado/2019.2/common/technology/xilinx/interface/fsl.gen 
Execute           source C:/Xilinx/Vivado/2019.2/common/technology/xilinx/interface/axi4.gen 
Execute           source C:/Xilinx/Vivado/2019.2/common/technology/xilinx/interface/nativeAXI4.gen 
Execute             source C:/Xilinx/Vivado/2019.2/common/technology/xilinx/interface/saxilite.gen 
Execute             source C:/Xilinx/Vivado/2019.2/common/technology/xilinx/interface/maxi.gen 
Execute           source C:/Xilinx/Vivado/2019.2/common/technology/xilinx/scripts/xilinxcoregen.gen 
Execute           source C:/Xilinx/Vivado/2019.2/common/technology/xilinx/interface/XilEDKCoreGen.gen 
Execute           source C:/Xilinx/Vivado/2019.2/common/technology/xilinx/ip/dds_compiler.gen 
Execute           source C:/Xilinx/Vivado/2019.2/common/technology/xilinx/ip/util.gen 
Execute           source C:/Xilinx/Vivado/2019.2/common/technology/xilinx/ip/xfft.gen 
Command           ap_source done; 0.202 sec.
Execute           source C:/Xilinx/Vivado/2019.2/common/technology/xilinx/ip/xfir.gen 
Execute           source C:/Xilinx/Vivado/2019.2/common/technology/xilinx/common/dsp48.gen 
Command         ap_source done; 0.327 sec.
Command       ap_source done; 0.327 sec.
Execute       source C:/Xilinx/Vivado/2019.2/common/technology/xilinx/zynq/zynq_fpv6.gen 
Execute         source C:/Xilinx/Vivado/2019.2/common/technology/xilinx/common/xilinx_fp.gen 
INFO-FLOW: DBG:CMD:       initCTypeInfo top_module=long_subtraction xml_exists=0
Execute       source C:/Users/Mukesh/AppData/Roaming/Xilinx/Vivado/LS/solution1/.autopilot/db/long_subtraction.rtl_wrap.cfg.tcl 
Execute       source C:/Users/Mukesh/AppData/Roaming/Xilinx/Vivado/LS/solution1/.autopilot/db/long_subtraction.rtl_wrap.cfg.tcl 
Execute       source C:/Users/Mukesh/AppData/Roaming/Xilinx/Vivado/LS/solution1/.autopilot/db/long_subtraction.rtl_wrap.cfg.tcl 
Execute       source C:/Users/Mukesh/AppData/Roaming/Xilinx/Vivado/LS/solution1/.autopilot/db/long_subtraction.tbgen.tcl 
Execute       source C:/Users/Mukesh/AppData/Roaming/Xilinx/Vivado/LS/solution1/.autopilot/db/long_subtraction.tbgen.tcl 
INFO-FLOW: DBG:CMD:       export_impl_rtl
INFO-FLOW: DBG:CMD:       generate_ip_cores sim=0 export=0 expOnly=0 dstVlogDir=impl/.verilog
Execute       source C:/Users/Mukesh/AppData/Roaming/Xilinx/Vivado/LS/solution1/.autopilot/db/global.setting.tcl 
Execute       source C:/Users/Mukesh/AppData/Roaming/Xilinx/Vivado/LS/solution1/.autopilot/db/long_subtraction.compgen.tcl 
INFO-FLOW: DBG:CMD:       generate_ip_cores sim=0 export=1 expOnly=1 dstVlogDir=impl/.pcores/verilog
Execute       source C:/Users/Mukesh/AppData/Roaming/Xilinx/Vivado/LS/solution1/.autopilot/db/global.setting.tcl 
Execute       source C:/Users/Mukesh/AppData/Roaming/Xilinx/Vivado/LS/solution1/.autopilot/db/long_subtraction.compgen.tcl 
Execute         ap_part_info -name xc7z045-ffg900-2 -data names -quiet 
Execute         ap_part_info -name xc7z045-ffg900-2 -data info -quiet 
Execute         ap_part_info -name xc7z045-ffg900-2 -data names -quiet 
Execute         ap_part_info -name xc7z045-ffg900-2 -data info -quiet 
Execute         ap_part_info -name xc7z045-ffg900-2 -data names -quiet 
Execute         ap_part_info -name xc7z045-ffg900-2 -data info -quiet 
Execute         ap_part_info -name xc7z045-ffg900-2 -data names -quiet 
Execute         ap_part_info -name xc7z045-ffg900-2 -data info -quiet 
Execute         ap_part_info -name xc7z045-ffg900-2 -data names -quiet 
Execute         ap_part_info -name xc7z045-ffg900-2 -data info -quiet 
Execute         ap_part_info -name xc7z045-ffg900-2 -data names -quiet 
Execute         ap_part_info -name xc7z045-ffg900-2 -data info -quiet 
Execute         ap_part_info -name xc7z045-ffg900-2 -data names -quiet 
Execute         ap_part_info -name xc7z045-ffg900-2 -data info -quiet 
Execute         ap_part_info -name xc7z045-ffg900-2 -data names -quiet 
Execute         ap_part_info -name xc7z045-ffg900-2 -data info -quiet 
Execute         ap_part_info -name xc7z045-ffg900-2 -data names -quiet 
Execute         ap_part_info -name xc7z045-ffg900-2 -data info -quiet 
Execute         ap_part_info -name xc7z045-ffg900-2 -data names -quiet 
Execute         ap_part_info -name xc7z045-ffg900-2 -data info -quiet 
Command       ap_source done; 0.335 sec.
Execute       ap_part_info -name xc7z045-ffg900-2 -data names -quiet 
Execute       ap_part_info -name xc7z045-ffg900-2 -data info -quiet 
INFO-FLOW: DBG:CMD:       generate_ip_cores sim=0 export=0 expOnly=0 dstVlogDir=impl/.pcores/verilog_sim
Execute       source C:/Users/Mukesh/AppData/Roaming/Xilinx/Vivado/LS/solution1/.autopilot/db/global.setting.tcl 
Execute       source C:/Users/Mukesh/AppData/Roaming/Xilinx/Vivado/LS/solution1/.autopilot/db/long_subtraction.compgen.tcl 
Execute       ap_part_info -name xc7z045-ffg900-2 -data names -quiet 
Execute       ap_part_info -name xc7z045-ffg900-2 -data info -quiet 
Execute       ap_part_info -name xc7z045-ffg900-2 -data names -quiet 
Execute       ap_part_info -name xc7z045-ffg900-2 -data info -quiet 
Execute       source C:/Users/Mukesh/AppData/Roaming/Xilinx/Vivado/LS/solution1/.autopilot/db/global.setting.tcl 
Execute       ap_part_info -name xc7z045-ffg900-2 -data names -quiet 
Execute       ap_part_info -name xc7z045-ffg900-2 -data info -quiet 
Execute       source C:/Users/Mukesh/AppData/Roaming/Xilinx/Vivado/LS/solution1/.autopilot/db/long_subtraction.constraint.tcl 
Execute       source C:/Users/Mukesh/AppData/Roaming/Xilinx/Vivado/LS/solution1/.autopilot/db/long_subtraction.tbgen.tcl 
INFO-FLOW: DBG:CMD:       hasPcoreIpAdapter=false #gSsdmPorts=8
INFO-FLOW: DBG:CMD: Skipping loadAnalyze_DB, #g_database=3
INFO-FLOW: DBG:CMD:       generate_json is_phase_csynth=1 g_has_adaptors=false generate_bd_files=0 #modelList=2 #gSsdmPorts=8
Execute       source C:/Xilinx/Vivado/2019.2/tps/tcl/tcllib1.11.1/fileutil/fileutil.tcl 
Execute       source C:/Users/Mukesh/AppData/Roaming/Xilinx/Vivado/LS/solution1/.autopilot/db/global.setting.tcl 
Execute       source C:/Users/Mukesh/AppData/Roaming/Xilinx/Vivado/LS/solution1/.autopilot/db/global.setting.tcl 
Execute       get_config_export -xo 
Execute       source C:/Users/Mukesh/AppData/Roaming/Xilinx/Vivado/LS/solution1/.autopilot/db/long_subtraction.tbgen.tcl 
Execute       source C:/Users/Mukesh/AppData/Roaming/Xilinx/Vivado/LS/solution1/.autopilot/db/long_subtraction.tbgen.tcl 
Execute       source C:/Users/Mukesh/AppData/Roaming/Xilinx/Vivado/LS/solution1/.autopilot/db/long_subtraction.tbgen.tcl 
Execute       source C:/Users/Mukesh/AppData/Roaming/Xilinx/Vivado/LS/solution1/.autopilot/db/global.setting.tcl 
Execute       get_config_sdx -target 
Execute       source C:/Users/Mukesh/AppData/Roaming/Xilinx/Vivado/LS/solution1/.autopilot/db/long_subtraction.rtl_wrap.cfg.tcl 
Execute       source C:/Users/Mukesh/AppData/Roaming/Xilinx/Vivado/LS/solution1/.autopilot/db/long_subtraction.compgen.dataonly.tcl 
Execute       source C:/Users/Mukesh/AppData/Roaming/Xilinx/Vivado/LS/solution1/.autopilot/db/global.setting.tcl 
Execute       ap_part_info -name xc7z045-ffg900-2 -data names -quiet 
Execute       ap_part_info -name xc7z045-ffg900-2 -data info -quiet 
Execute       source C:/Users/Mukesh/AppData/Roaming/Xilinx/Vivado/LS/solution1/.autopilot/db/long_subtraction.constraint.tcl 
Execute       sc_get_clocks long_subtraction 
Execute       ap_part_info -name xc7z045-ffg900-2 -data names -quiet 
Execute       ap_part_info -name xc7z045-ffg900-2 -data info -quiet 
Execute       source C:/Users/Mukesh/AppData/Roaming/Xilinx/Vivado/LS/solution1/.autopilot/db/global.setting.tcl 
Execute       get_config_debug -directory 
Execute       source C:/Users/Mukesh/AppData/Roaming/Xilinx/Vivado/LS/solution1/.autopilot/db/long_subtraction.tbgen.tcl 
Execute       get_config_sdx -target 
Execute       get_config_sdx -profile 
Execute       get_config_rtl -kernel_profile 
Execute       get_config_rtl -stall_sig_gen 
Execute       get_config_rtl -profile 
INFO-FLOW: DBG:CMD: add_json_sdx_info kernel file does not exist, skipping opencl info: C:/Users/Mukesh/AppData/Roaming/Xilinx/Vivado/LS/solution1/.autopilot/db/kernel.internal.xml
INFO-FLOW: DBG:CMD:       delete-temp-dirs (skipped for debug)
INFO: [HLS 200-111] Finished generating all RTL models Time (s): cpu = 00:00:09 ; elapsed = 00:00:52 . Memory (MB): peak = 343.344 ; gain = 251.082
INFO: [VHDL 208-304] Generating VHDL RTL for long_subtraction.
INFO: [VLOG 209-307] Generating Verilog RTL for long_subtraction.
Command     autosyn done; 4.874 sec.
Command   csynth_design done; 48.037 sec.
Command ap_source done; 50.925 sec.
Execute cleanup_all 
INFO-FLOW: Workspace C:/Users/Mukesh/AppData/Roaming/Xilinx/Vivado/LS/solution1 opened at Wed Aug 18 13:56:32 +0200 2021
Execute     config_clock -quiet -name default -period 10 -default=false 
INFO: [SYN 201-201] Setting up clock 'default' with a period of 10ns.
Execute     open_platform DefaultPlatform 
Execute     import_lib C:/Xilinx/Vivado/2019.2/common/technology/xilinx/zynq/zynq 
Execute       source C:/Xilinx/Vivado/2019.2/common/technology/xilinx/common/xilinx.lib 
Execute         source C:/Xilinx/Vivado/2019.2/common/technology/xilinx/interface/xilinx_interface.lib 
Execute           source C:/Xilinx/Vivado/2019.2/common/technology/xilinx/interface/plb46.lib 
Execute           source C:/Xilinx/Vivado/2019.2/common/technology/xilinx/interface/fsl.lib 
Execute           source C:/Xilinx/Vivado/2019.2/common/technology/xilinx/interface/axi4.lib 
Execute           source C:/Xilinx/Vivado/2019.2/common/technology/xilinx/interface/maxi.lib 
Execute           source C:/Xilinx/Vivado/2019.2/common/technology/xilinx/interface/saxilite.lib 
Execute         source C:/Xilinx/Vivado/2019.2/common/technology/xilinx/common/dsp48.lib 
Execute         source C:/Xilinx/Vivado/2019.2/common/technology/xilinx/ip/dds_compiler.lib 
Execute         source C:/Xilinx/Vivado/2019.2/common/technology/xilinx/ip/xfft.lib 
Execute         source C:/Xilinx/Vivado/2019.2/common/technology/xilinx/ip/xfir.lib 
Execute       source C:/Xilinx/Vivado/2019.2/common/technology/xilinx/common/xilinx.hlp 
Execute         source C:/Xilinx/Vivado/2019.2/common/technology/xilinx/common/target_info.tcl 
Execute         source C:/Xilinx/Vivado/2019.2/common/technology/xilinx/interface/xilinx_interface.hlp 
Execute           source C:/Xilinx/Vivado/2019.2/common/technology/xilinx/interface/maxi.hlp 
Execute           source C:/Xilinx/Vivado/2019.2/common/technology/xilinx/interface/saxilite.hlp 
Execute         source C:/Xilinx/Vivado/2019.2/common/technology/xilinx/common/dsp48.hlp 
Execute       source C:/Xilinx/Vivado/2019.2/common/technology/xilinx/zynq/dsp48e1.hlp 
Execute       source C:/Xilinx/Vivado/2019.2/common/technology/xilinx/common/xilinx.hlp 
Execute         source C:/Xilinx/Vivado/2019.2/common/technology/xilinx/common/target_info.tcl 
Execute         source C:/Xilinx/Vivado/2019.2/common/technology/xilinx/interface/xilinx_interface.hlp 
Execute           source C:/Xilinx/Vivado/2019.2/common/technology/xilinx/interface/maxi.hlp 
Execute           source C:/Xilinx/Vivado/2019.2/common/technology/xilinx/interface/saxilite.hlp 
Execute         source C:/Xilinx/Vivado/2019.2/common/technology/xilinx/common/dsp48.hlp 
Execute     source C:/Xilinx/Vivado/2019.2/common/technology/xilinx/zynq/zynq.gen 
Execute       source C:/Xilinx/Vivado/2019.2/common/technology/xilinx/common/xilinx.gen 
Execute         source C:/Xilinx/Vivado/2019.2/common/technology/xilinx/interface/plb46.gen 
Execute         source C:/Xilinx/Vivado/2019.2/common/technology/xilinx/interface/fsl.gen 
Execute         source C:/Xilinx/Vivado/2019.2/common/technology/xilinx/interface/axi4.gen 
Execute         source C:/Xilinx/Vivado/2019.2/common/technology/xilinx/interface/nativeAXI4.gen 
Execute           source C:/Xilinx/Vivado/2019.2/common/technology/xilinx/interface/saxilite.gen 
Execute           source C:/Xilinx/Vivado/2019.2/common/technology/xilinx/interface/maxi.gen 
Execute         source C:/Xilinx/Vivado/2019.2/common/technology/xilinx/scripts/xilinxcoregen.gen 
Execute         source C:/Xilinx/Vivado/2019.2/common/technology/xilinx/interface/XilEDKCoreGen.gen 
Execute         source C:/Xilinx/Vivado/2019.2/common/technology/xilinx/ip/dds_compiler.gen 
Execute         source C:/Xilinx/Vivado/2019.2/common/technology/xilinx/ip/util.gen 
Execute         source C:/Xilinx/Vivado/2019.2/common/technology/xilinx/ip/xfft.gen 
Command         ap_source done; 0.225 sec.
Execute         source C:/Xilinx/Vivado/2019.2/common/technology/xilinx/ip/xfir.gen 
Execute         source C:/Xilinx/Vivado/2019.2/common/technology/xilinx/common/dsp48.gen 
Command       ap_source done; 0.313 sec.
Command     ap_source done; 0.313 sec.
Execute     open_platform DefaultPlatform 
Execute     import_lib C:/Xilinx/Vivado/2019.2/common/technology/xilinx/zynq/zynq_fpv6 
Execute       source C:/Xilinx/Vivado/2019.2/common/technology/xilinx/common/xilinx_fp.lib 
Execute       source C:/Xilinx/Vivado/2019.2/common/technology/xilinx/common/xilinx_fp.hlp 
Execute         source C:/Xilinx/Vivado/2019.2/common/technology/xilinx/common/xilinx.hlp 
Execute           source C:/Xilinx/Vivado/2019.2/common/technology/xilinx/common/target_info.tcl 
Execute           source C:/Xilinx/Vivado/2019.2/common/technology/xilinx/interface/xilinx_interface.hlp 
Execute             source C:/Xilinx/Vivado/2019.2/common/technology/xilinx/interface/maxi.hlp 
Execute             source C:/Xilinx/Vivado/2019.2/common/technology/xilinx/interface/saxilite.hlp 
Execute           source C:/Xilinx/Vivado/2019.2/common/technology/xilinx/common/dsp48.hlp 
Execute     source C:/Xilinx/Vivado/2019.2/common/technology/xilinx/zynq/zynq_fpv6.gen 
Execute       source C:/Xilinx/Vivado/2019.2/common/technology/xilinx/common/xilinx_fp.gen 
Execute     set_part xc7z045-ffg900-2 
Execute       ap_part_info -name xc7z045-ffg900-2 -data single -quiet 
Command       ap_part_info done; 1.663 sec.
Execute       ap_part_info -name xc7z045-ffg900-2 -data info 
Execute       add_library xilinx/zynq/zynq:xc7z045:-ffg900:-2 
Execute         get_default_platform 
Execute         ap_part_info -data single -name xc7z045-ffg900-2 
Execute         ap_part_info -name xc7z045-ffg900-2 -data resources 
Execute         ap_part_info -name xc7z045-ffg900-2 -data info 
Execute         ap_part_info -name xc7z045-ffg900-2 -data info 
Execute         config_chip_info -quiet -resource {SLICE 54650} {LUT 218600} {FF 437200} {DSP48E 900} {BRAM 1090} {URAM 0} 
Execute         ap_part_info -name xc7z045-ffg900-2 -data info 
Execute         config_chip_info -quiet -speed medium 
Command       add_library done; 0.127 sec.
Execute       add_library xilinx/zynq/zynq_fpv6 
Execute         get_default_platform 
INFO: [HLS 200-10] Setting target device to 'xc7z045-ffg900-2'
Execute       ap_part_info -name xc7z045-ffg900-2 -data info 
Execute       get_default_platform 
Command     set_part done; 2.065 sec.
Execute     ap_part_info -data single -name xc7z045-ffg900-2 
Execute     ap_part_info -name xc7z045-ffg900-2 -data resources 
Execute     ap_part_info -name xc7z045-ffg900-2 -data info 
Execute     ap_part_info -name xc7z045-ffg900-2 -data info 
Execute     config_chip_info -quiet -resource {SLICE 54650} {LUT 218600} {FF 437200} {DSP48E 900} {BRAM 1090} {URAM 0} 
Execute     ap_part_info -name xc7z045-ffg900-2 -data info 
Execute     config_chip_info -quiet -speed medium 
Execute     config_export -format=ip_catalog 
Execute     config_export -rtl=verilog 
Command   open_solution done; 2.568 sec.
Execute   csim_design -quiet 
Execute     source C:/Users/Mukesh/AppData/Roaming/Xilinx/Vivado/LS/solution1/.autopilot/db/global.setting.tcl 
INFO: [SIM 211-2] *************** CSIM start ***************
INFO: [SIM 211-4] CSIM will launch GCC as the compiler.
Execute     source csim/.lst_opt.tcl 
Execute     is_encrypted C:/Users/Mukesh/AppData/Roaming/Xilinx/Vivado/LS/test_core.cpp 
Execute     is_xip C:/Users/Mukesh/AppData/Roaming/Xilinx/Vivado/LS/test_core.cpp 
Execute     is_encrypted C:/Users/Mukesh/AppData/Roaming/Xilinx/Vivado/LS/core.cpp 
Execute     is_xip C:/Users/Mukesh/AppData/Roaming/Xilinx/Vivado/LS/core.cpp 
Execute     ap_part_info -name xc7z045-ffg900-2 -data info 
Execute     source run_sim.tcl 
Command     ap_source done; 188.891 sec.
INFO: [SIM 211-1] CSim done with 0 errors.
INFO: [SIM 211-3] *************** CSIM finish ***************
Command   csim_design done; 209.647 sec.
Command ap_source done; 212.225 sec.
Execute cleanup_all 
