

================================================================
== Vivado HLS Report for 'int_subtraction'
================================================================
* Date:           Wed Aug 18 14:02:04 2021

* Version:        2019.2 (Build 2704478 on Wed Nov 06 22:10:23 MST 2019)
* Project:        IS
* Solution:       solution1
* Product family: zynq
* Target device:  xc7z045-ffg900-2


================================================================
== Performance Estimates
================================================================
+ Timing: 
    * Summary: 
    +--------+----------+----------+------------+
    |  Clock |  Target  | Estimated| Uncertainty|
    +--------+----------+----------+------------+
    |ap_clk  | 10.00 ns | 8.083 ns |   1.25 ns  |
    +--------+----------+----------+------------+

+ Latency: 
    * Summary: 
    +---------+---------+----------+----------+-----+-----+---------+
    |  Latency (cycles) |  Latency (absolute) |  Interval | Pipeline|
    |   min   |   max   |    min   |    max   | min | max |   Type  |
    +---------+---------+----------+----------+-----+-----+---------+
    |        ?|        ?|         ?|         ?|    ?|    ?|   none  |
    +---------+---------+----------+----------+-----+-----+---------+

    + Detail: 
        * Instance: 
        N/A

        * Loop: 
        +----------+---------+---------+----------+-----------+-----------+------+----------+
        |          |  Latency (cycles) | Iteration|  Initiation Interval  | Trip |          |
        | Loop Name|   min   |   max   |  Latency |  achieved |   target  | Count| Pipelined|
        +----------+---------+---------+----------+-----------+-----------+------+----------+
        |- Loop 1  |        ?|        ?|        17|          1|          1|     ?|    yes   |
        +----------+---------+---------+----------+-----------+-----------+------+----------+

============================================================
+ Verbose Summary: Synthesis Manager
============================================================
InlineROM: 1
ExposeGlobal: 0
============================================================
+ Verbose Summary: CDFG Model
============================================================
IsTopModel: 1
ResetActiveHigh: 1
IsCombinational: 0
IsDatapathOnly: 0
HasWiredReturn: 1
HasMFsm: 0
HasVarLatency: 1
IsPipeline: 0
IsRtlPipelined: 0
IsInstanceOverlapped: 0
IsDontTouch: 0
HasImplIP: 0
IsGatedGlobalClock: 0

+ Individual pipeline summary: 
  * Pipeline-0: initiation interval (II) = 1, depth = 17


============================================================
+ Verbose Summary: Schedule
============================================================
* Number of FSM states : 19
* Pipeline : 1
  Pipeline-0 : II = 1, D = 17, States = { 2 3 4 5 6 7 8 9 10 11 12 13 14 15 16 17 18 }
* Dataflow Pipeline: 0

* FSM state transitions: 
1 --> 2 
2 --> 19 3 
3 --> 4 
4 --> 5 
5 --> 6 
6 --> 7 
7 --> 8 
8 --> 9 
9 --> 10 
10 --> 11 
11 --> 12 
12 --> 13 
13 --> 14 
14 --> 15 
15 --> 16 
16 --> 17 
17 --> 18 
18 --> 2 
19 --> 

* FSM state operations: 

State 1 <SV = 0> <Delay = 0.00>
ST_1 : Operation 20 [1/1] (0.00ns)   --->   "%empty = call i32 (...)* @_ssdm_op_SpecInterface(half* %c_V, [8 x i8]* @ap_fifo_str, i32 0, i32 0, [1 x i8]* @p_str, i32 0, i32 0, [1 x i8]* @p_str, [1 x i8]* @p_str, [1 x i8]* @p_str, i32 2, i32 2, i32 16, i32 16, [1 x i8]* @p_str, [1 x i8]* @p_str)"   --->   Operation 20 'specinterface' 'empty' <Predicate = true> <Delay = 0.00>
ST_1 : Operation 21 [1/1] (0.00ns)   --->   "%empty_3 = call i32 (...)* @_ssdm_op_SpecInterface(i16* %b_V, [8 x i8]* @ap_fifo_str, i32 0, i32 0, [1 x i8]* @p_str, i32 0, i32 0, [1 x i8]* @p_str, [1 x i8]* @p_str, [1 x i8]* @p_str, i32 2, i32 2, i32 16, i32 16, [1 x i8]* @p_str, [1 x i8]* @p_str)"   --->   Operation 21 'specinterface' 'empty_3' <Predicate = true> <Delay = 0.00>
ST_1 : Operation 22 [1/1] (0.00ns)   --->   "%empty_4 = call i32 (...)* @_ssdm_op_SpecInterface(i16* %a_V, [8 x i8]* @ap_fifo_str, i32 0, i32 0, [1 x i8]* @p_str, i32 0, i32 0, [1 x i8]* @p_str, [1 x i8]* @p_str, [1 x i8]* @p_str, i32 2, i32 2, i32 16, i32 16, [1 x i8]* @p_str, [1 x i8]* @p_str)"   --->   Operation 22 'specinterface' 'empty_4' <Predicate = true> <Delay = 0.00>
ST_1 : Operation 23 [1/1] (0.00ns)   --->   "call void (...)* @_ssdm_op_SpecBitsMap(i16* %a_V), !map !112"   --->   Operation 23 'specbitsmap' <Predicate = true> <Delay = 0.00>
ST_1 : Operation 24 [1/1] (0.00ns)   --->   "call void (...)* @_ssdm_op_SpecBitsMap(i16* %b_V), !map !116"   --->   Operation 24 'specbitsmap' <Predicate = true> <Delay = 0.00>
ST_1 : Operation 25 [1/1] (0.00ns)   --->   "call void (...)* @_ssdm_op_SpecBitsMap(half* %c_V), !map !120"   --->   Operation 25 'specbitsmap' <Predicate = true> <Delay = 0.00>
ST_1 : Operation 26 [1/1] (0.00ns)   --->   "call void (...)* @_ssdm_op_SpecTopModule([16 x i8]* @int_subtraction_str) nounwind"   --->   Operation 26 'spectopmodule' <Predicate = true> <Delay = 0.00>
ST_1 : Operation 27 [1/1] (0.00ns)   --->   "br label %1" [IS/core.cpp:18]   --->   Operation 27 'br' <Predicate = true> <Delay = 0.00>

State 2 <SV = 1> <Delay = 3.40>
ST_2 : Operation 28 [1/1] (0.00ns)   --->   "%tmp = call i1 @_ssdm_op_NbReadReq.ap_fifo.i16P(i16* %a_V, i32 1)" [IS/core.cpp:18]   --->   Operation 28 'nbreadreq' 'tmp' <Predicate = true> <Delay = 0.00> <Core = "FIFO">   --->   Core 32 'FIFO' <Latency = 0> <II = 1> <Delay = 3.40> <Storage> <Opcode : 'read' 'write' 'nbread' 'nbwrite'> <Ports = 0> <Width = 16> <Depth = 0> <FIFO>
ST_2 : Operation 29 [1/1] (0.00ns)   --->   "br i1 %tmp, label %2, label %.critedge" [IS/core.cpp:18]   --->   Operation 29 'br' <Predicate = true> <Delay = 0.00>
ST_2 : Operation 30 [1/1] (0.00ns)   --->   "%tmp_1 = call i1 @_ssdm_op_NbReadReq.ap_fifo.i16P(i16* %b_V, i32 1)" [IS/core.cpp:18]   --->   Operation 30 'nbreadreq' 'tmp_1' <Predicate = (tmp)> <Delay = 0.00> <Core = "FIFO">   --->   Core 32 'FIFO' <Latency = 0> <II = 1> <Delay = 3.40> <Storage> <Opcode : 'read' 'write' 'nbread' 'nbwrite'> <Ports = 0> <Width = 16> <Depth = 0> <FIFO>
ST_2 : Operation 31 [1/1] (0.00ns)   --->   "br i1 %tmp_1, label %hls_label_0, label %.critedge" [IS/core.cpp:18]   --->   Operation 31 'br' <Predicate = (tmp)> <Delay = 0.00>
ST_2 : Operation 32 [1/1] (3.40ns)   --->   "%tmp_3 = call i16 @_ssdm_op_Read.ap_fifo.volatile.i16P(i16* %a_V)" [IS/core.cpp:24]   --->   Operation 32 'read' 'tmp_3' <Predicate = (tmp & tmp_1)> <Delay = 3.40> <Core = "FIFO">   --->   Core 32 'FIFO' <Latency = 0> <II = 1> <Delay = 3.40> <Storage> <Opcode : 'read' 'write' 'nbread' 'nbwrite'> <Ports = 0> <Width = 16> <Depth = 0> <FIFO>
ST_2 : Operation 33 [1/1] (3.40ns)   --->   "%tmp_5 = call i16 @_ssdm_op_Read.ap_fifo.volatile.i16P(i16* %b_V)" [IS/core.cpp:25]   --->   Operation 33 'read' 'tmp_5' <Predicate = (tmp & tmp_1)> <Delay = 3.40> <Core = "FIFO">   --->   Core 32 'FIFO' <Latency = 0> <II = 1> <Delay = 3.40> <Storage> <Opcode : 'read' 'write' 'nbread' 'nbwrite'> <Ports = 0> <Width = 16> <Depth = 0> <FIFO>

State 3 <SV = 2> <Delay = 8.08>
ST_3 : Operation 34 [1/1] (0.00ns)   --->   "%sext_ln24 = sext i16 %tmp_3 to i32" [IS/core.cpp:24]   --->   Operation 34 'sext' 'sext_ln24' <Predicate = (tmp_1)> <Delay = 0.00>
ST_3 : Operation 35 [4/4] (8.08ns)   --->   "%tmp_4 = sitofp i32 %sext_ln24 to float" [IS/core.cpp:24]   --->   Operation 35 'sitofp' 'tmp_4' <Predicate = (tmp_1)> <Delay = 8.08> <Core = "Int2Float">   --->   Core 112 'Int2Float' <Latency = 3> <II = 1> <Delay = 8.08> <FuncUnit> <Opcode : 'sitofp' 'uitofp'> <InPorts = 1> <OutPorts = 1>
ST_3 : Operation 36 [1/1] (0.00ns)   --->   "%sext_ln25 = sext i16 %tmp_5 to i32" [IS/core.cpp:25]   --->   Operation 36 'sext' 'sext_ln25' <Predicate = (tmp_1)> <Delay = 0.00>
ST_3 : Operation 37 [4/4] (8.08ns)   --->   "%tmp_7 = sitofp i32 %sext_ln25 to float" [IS/core.cpp:25]   --->   Operation 37 'sitofp' 'tmp_7' <Predicate = (tmp_1)> <Delay = 8.08> <Core = "Int2Float">   --->   Core 112 'Int2Float' <Latency = 3> <II = 1> <Delay = 8.08> <FuncUnit> <Opcode : 'sitofp' 'uitofp'> <InPorts = 1> <OutPorts = 1>

State 4 <SV = 3> <Delay = 8.08>
ST_4 : Operation 38 [3/4] (8.08ns)   --->   "%tmp_4 = sitofp i32 %sext_ln24 to float" [IS/core.cpp:24]   --->   Operation 38 'sitofp' 'tmp_4' <Predicate = (tmp_1)> <Delay = 8.08> <Core = "Int2Float">   --->   Core 112 'Int2Float' <Latency = 3> <II = 1> <Delay = 8.08> <FuncUnit> <Opcode : 'sitofp' 'uitofp'> <InPorts = 1> <OutPorts = 1>
ST_4 : Operation 39 [3/4] (8.08ns)   --->   "%tmp_7 = sitofp i32 %sext_ln25 to float" [IS/core.cpp:25]   --->   Operation 39 'sitofp' 'tmp_7' <Predicate = (tmp_1)> <Delay = 8.08> <Core = "Int2Float">   --->   Core 112 'Int2Float' <Latency = 3> <II = 1> <Delay = 8.08> <FuncUnit> <Opcode : 'sitofp' 'uitofp'> <InPorts = 1> <OutPorts = 1>

State 5 <SV = 4> <Delay = 8.08>
ST_5 : Operation 40 [2/4] (8.08ns)   --->   "%tmp_4 = sitofp i32 %sext_ln24 to float" [IS/core.cpp:24]   --->   Operation 40 'sitofp' 'tmp_4' <Predicate = (tmp_1)> <Delay = 8.08> <Core = "Int2Float">   --->   Core 112 'Int2Float' <Latency = 3> <II = 1> <Delay = 8.08> <FuncUnit> <Opcode : 'sitofp' 'uitofp'> <InPorts = 1> <OutPorts = 1>
ST_5 : Operation 41 [2/4] (8.08ns)   --->   "%tmp_7 = sitofp i32 %sext_ln25 to float" [IS/core.cpp:25]   --->   Operation 41 'sitofp' 'tmp_7' <Predicate = (tmp_1)> <Delay = 8.08> <Core = "Int2Float">   --->   Core 112 'Int2Float' <Latency = 3> <II = 1> <Delay = 8.08> <FuncUnit> <Opcode : 'sitofp' 'uitofp'> <InPorts = 1> <OutPorts = 1>

State 6 <SV = 5> <Delay = 8.08>
ST_6 : Operation 42 [1/4] (8.08ns)   --->   "%tmp_4 = sitofp i32 %sext_ln24 to float" [IS/core.cpp:24]   --->   Operation 42 'sitofp' 'tmp_4' <Predicate = (tmp_1)> <Delay = 8.08> <Core = "Int2Float">   --->   Core 112 'Int2Float' <Latency = 3> <II = 1> <Delay = 8.08> <FuncUnit> <Opcode : 'sitofp' 'uitofp'> <InPorts = 1> <OutPorts = 1>
ST_6 : Operation 43 [1/4] (8.08ns)   --->   "%tmp_7 = sitofp i32 %sext_ln25 to float" [IS/core.cpp:25]   --->   Operation 43 'sitofp' 'tmp_7' <Predicate = (tmp_1)> <Delay = 8.08> <Core = "Int2Float">   --->   Core 112 'Int2Float' <Latency = 3> <II = 1> <Delay = 8.08> <FuncUnit> <Opcode : 'sitofp' 'uitofp'> <InPorts = 1> <OutPorts = 1>

State 7 <SV = 6> <Delay = 4.17>
ST_7 : Operation 44 [2/2] (4.17ns)   --->   "%d = fptrunc float %tmp_4 to half" [IS/core.cpp:24]   --->   Operation 44 'sptohp' 'd' <Predicate = (tmp_1)> <Delay = 4.17> <Core = "Float2Half">   --->   Core 94 'Float2Half' <Latency = 1> <II = 1> <Delay = 4.17> <FuncUnit> <Opcode : 'sptohp'> <InPorts = 1> <OutPorts = 1>
ST_7 : Operation 45 [2/2] (4.17ns)   --->   "%e = fptrunc float %tmp_7 to half" [IS/core.cpp:25]   --->   Operation 45 'sptohp' 'e' <Predicate = (tmp_1)> <Delay = 4.17> <Core = "Float2Half">   --->   Core 94 'Float2Half' <Latency = 1> <II = 1> <Delay = 4.17> <FuncUnit> <Opcode : 'sptohp'> <InPorts = 1> <OutPorts = 1>

State 8 <SV = 7> <Delay = 4.17>
ST_8 : Operation 46 [1/2] (4.17ns)   --->   "%d = fptrunc float %tmp_4 to half" [IS/core.cpp:24]   --->   Operation 46 'sptohp' 'd' <Predicate = (tmp_1)> <Delay = 4.17> <Core = "Float2Half">   --->   Core 94 'Float2Half' <Latency = 1> <II = 1> <Delay = 4.17> <FuncUnit> <Opcode : 'sptohp'> <InPorts = 1> <OutPorts = 1>
ST_8 : Operation 47 [1/2] (4.17ns)   --->   "%e = fptrunc float %tmp_7 to half" [IS/core.cpp:25]   --->   Operation 47 'sptohp' 'e' <Predicate = (tmp_1)> <Delay = 4.17> <Core = "Float2Half">   --->   Core 94 'Float2Half' <Latency = 1> <II = 1> <Delay = 4.17> <FuncUnit> <Opcode : 'sptohp'> <InPorts = 1> <OutPorts = 1>

State 9 <SV = 8> <Delay = 6.13>
ST_9 : Operation 48 [5/5] (6.13ns)   --->   "%tmp_6 = fsub half %d, %e" [IS/core.cpp:26]   --->   Operation 48 'hsub' 'tmp_6' <Predicate = (tmp_1)> <Delay = 6.13> <Core = "HAddSub">   --->   Core 90 'HAddSub' <Latency = 4> <II = 1> <Delay = 6.13> <FuncUnit> <Opcode : 'hadd' 'hsub'> <InPorts = 2> <OutPorts = 1>

State 10 <SV = 9> <Delay = 6.13>
ST_10 : Operation 49 [4/5] (6.13ns)   --->   "%tmp_6 = fsub half %d, %e" [IS/core.cpp:26]   --->   Operation 49 'hsub' 'tmp_6' <Predicate = (tmp_1)> <Delay = 6.13> <Core = "HAddSub">   --->   Core 90 'HAddSub' <Latency = 4> <II = 1> <Delay = 6.13> <FuncUnit> <Opcode : 'hadd' 'hsub'> <InPorts = 2> <OutPorts = 1>

State 11 <SV = 10> <Delay = 6.13>
ST_11 : Operation 50 [3/5] (6.13ns)   --->   "%tmp_6 = fsub half %d, %e" [IS/core.cpp:26]   --->   Operation 50 'hsub' 'tmp_6' <Predicate = (tmp_1)> <Delay = 6.13> <Core = "HAddSub">   --->   Core 90 'HAddSub' <Latency = 4> <II = 1> <Delay = 6.13> <FuncUnit> <Opcode : 'hadd' 'hsub'> <InPorts = 2> <OutPorts = 1>

State 12 <SV = 11> <Delay = 6.13>
ST_12 : Operation 51 [2/5] (6.13ns)   --->   "%tmp_6 = fsub half %d, %e" [IS/core.cpp:26]   --->   Operation 51 'hsub' 'tmp_6' <Predicate = (tmp_1)> <Delay = 6.13> <Core = "HAddSub">   --->   Core 90 'HAddSub' <Latency = 4> <II = 1> <Delay = 6.13> <FuncUnit> <Opcode : 'hadd' 'hsub'> <InPorts = 2> <OutPorts = 1>

State 13 <SV = 12> <Delay = 6.13>
ST_13 : Operation 52 [1/5] (6.13ns)   --->   "%tmp_6 = fsub half %d, %e" [IS/core.cpp:26]   --->   Operation 52 'hsub' 'tmp_6' <Predicate = (tmp_1)> <Delay = 6.13> <Core = "HAddSub">   --->   Core 90 'HAddSub' <Latency = 4> <II = 1> <Delay = 6.13> <FuncUnit> <Opcode : 'hadd' 'hsub'> <InPorts = 2> <OutPorts = 1>

State 14 <SV = 13> <Delay = 5.53>
ST_14 : Operation 53 [4/4] (5.53ns)   --->   "%f = fmul half %tmp_6, 0x3F23440000000000" [IS/core.cpp:26]   --->   Operation 53 'hmul' 'f' <Predicate = (tmp_1)> <Delay = 5.53> <Core = "HMul">   --->   Core 91 'HMul' <Latency = 3> <II = 1> <Delay = 5.53> <FuncUnit> <Opcode : 'hmul'> <InPorts = 2> <OutPorts = 1>

State 15 <SV = 14> <Delay = 5.53>
ST_15 : Operation 54 [3/4] (5.53ns)   --->   "%f = fmul half %tmp_6, 0x3F23440000000000" [IS/core.cpp:26]   --->   Operation 54 'hmul' 'f' <Predicate = (tmp_1)> <Delay = 5.53> <Core = "HMul">   --->   Core 91 'HMul' <Latency = 3> <II = 1> <Delay = 5.53> <FuncUnit> <Opcode : 'hmul'> <InPorts = 2> <OutPorts = 1>

State 16 <SV = 15> <Delay = 5.53>
ST_16 : Operation 55 [2/4] (5.53ns)   --->   "%f = fmul half %tmp_6, 0x3F23440000000000" [IS/core.cpp:26]   --->   Operation 55 'hmul' 'f' <Predicate = (tmp_1)> <Delay = 5.53> <Core = "HMul">   --->   Core 91 'HMul' <Latency = 3> <II = 1> <Delay = 5.53> <FuncUnit> <Opcode : 'hmul'> <InPorts = 2> <OutPorts = 1>

State 17 <SV = 16> <Delay = 5.53>
ST_17 : Operation 56 [1/4] (5.53ns)   --->   "%f = fmul half %tmp_6, 0x3F23440000000000" [IS/core.cpp:26]   --->   Operation 56 'hmul' 'f' <Predicate = (tmp_1)> <Delay = 5.53> <Core = "HMul">   --->   Core 91 'HMul' <Latency = 3> <II = 1> <Delay = 5.53> <FuncUnit> <Opcode : 'hmul'> <InPorts = 2> <OutPorts = 1>

State 18 <SV = 17> <Delay = 3.40>
ST_18 : Operation 57 [1/1] (0.00ns)   --->   "%tmp_2 = call i32 (...)* @_ssdm_op_SpecRegionBegin([12 x i8]* @p_str1)" [IS/core.cpp:19]   --->   Operation 57 'specregionbegin' 'tmp_2' <Predicate = (tmp_1)> <Delay = 0.00>
ST_18 : Operation 58 [1/1] (0.00ns)   --->   "call void (...)* @_ssdm_op_SpecPipeline(i32 -1, i32 1, i32 1, i32 0, [1 x i8]* @p_str) nounwind" [IS/core.cpp:20]   --->   Operation 58 'specpipeline' <Predicate = (tmp_1)> <Delay = 0.00>
ST_18 : Operation 59 [1/1] (3.40ns)   --->   "call void @_ssdm_op_Write.ap_fifo.volatile.halfP(half* %c_V, half %f)" [IS/core.cpp:28]   --->   Operation 59 'write' <Predicate = (tmp_1)> <Delay = 3.40> <Core = "FIFO">   --->   Core 32 'FIFO' <Latency = 0> <II = 1> <Delay = 3.40> <Storage> <Opcode : 'read' 'write' 'nbread' 'nbwrite'> <Ports = 0> <Width = 16> <Depth = 0> <FIFO>
ST_18 : Operation 60 [1/1] (0.00ns)   --->   "%empty_5 = call i32 (...)* @_ssdm_op_SpecRegionEnd([12 x i8]* @p_str1, i32 %tmp_2)" [IS/core.cpp:29]   --->   Operation 60 'specregionend' 'empty_5' <Predicate = (tmp_1)> <Delay = 0.00>
ST_18 : Operation 61 [1/1] (0.00ns)   --->   "br label %1" [IS/core.cpp:29]   --->   Operation 61 'br' <Predicate = (tmp_1)> <Delay = 0.00>

State 19 <SV = 2> <Delay = 0.00>
ST_19 : Operation 62 [1/1] (0.00ns)   --->   "ret void" [IS/core.cpp:30]   --->   Operation 62 'ret' <Predicate = true> <Delay = 0.00>


============================================================
+ Verbose Summary: Timing violations
============================================================
Target clock period: 10ns, clock uncertainty: 1.25ns.

 <State 1>: 0ns
The critical path consists of the following:

 <State 2>: 3.4ns
The critical path consists of the following:
	fifo read on port 'a_V' (IS/core.cpp:24) [21]  (3.4 ns)

 <State 3>: 8.08ns
The critical path consists of the following:
	'sitofp' operation ('tmp_4', IS/core.cpp:24) [23]  (8.08 ns)

 <State 4>: 8.08ns
The critical path consists of the following:
	'sitofp' operation ('tmp_4', IS/core.cpp:24) [23]  (8.08 ns)

 <State 5>: 8.08ns
The critical path consists of the following:
	'sitofp' operation ('tmp_4', IS/core.cpp:24) [23]  (8.08 ns)

 <State 6>: 8.08ns
The critical path consists of the following:
	'sitofp' operation ('tmp_4', IS/core.cpp:24) [23]  (8.08 ns)

 <State 7>: 4.17ns
The critical path consists of the following:
	'sptohp' operation ('d', IS/core.cpp:24) [24]  (4.17 ns)

 <State 8>: 4.17ns
The critical path consists of the following:
	'sptohp' operation ('d', IS/core.cpp:24) [24]  (4.17 ns)

 <State 9>: 6.14ns
The critical path consists of the following:
	'hsub' operation ('tmp_6', IS/core.cpp:26) [29]  (6.14 ns)

 <State 10>: 6.14ns
The critical path consists of the following:
	'hsub' operation ('tmp_6', IS/core.cpp:26) [29]  (6.14 ns)

 <State 11>: 6.14ns
The critical path consists of the following:
	'hsub' operation ('tmp_6', IS/core.cpp:26) [29]  (6.14 ns)

 <State 12>: 6.14ns
The critical path consists of the following:
	'hsub' operation ('tmp_6', IS/core.cpp:26) [29]  (6.14 ns)

 <State 13>: 6.14ns
The critical path consists of the following:
	'hsub' operation ('tmp_6', IS/core.cpp:26) [29]  (6.14 ns)

 <State 14>: 5.54ns
The critical path consists of the following:
	'hmul' operation ('f', IS/core.cpp:26) [30]  (5.54 ns)

 <State 15>: 5.54ns
The critical path consists of the following:
	'hmul' operation ('f', IS/core.cpp:26) [30]  (5.54 ns)

 <State 16>: 5.54ns
The critical path consists of the following:
	'hmul' operation ('f', IS/core.cpp:26) [30]  (5.54 ns)

 <State 17>: 5.54ns
The critical path consists of the following:
	'hmul' operation ('f', IS/core.cpp:26) [30]  (5.54 ns)

 <State 18>: 3.4ns
The critical path consists of the following:
	fifo write on port 'c_V' (IS/core.cpp:28) [31]  (3.4 ns)

 <State 19>: 0ns
The critical path consists of the following:


============================================================
+ Verbose Summary: Binding
============================================================
N/A
* FSMD analyzer results:
  - Output states:
 - Input state : 
  - Chain level:
	State 1
	State 2
	State 3
	State 4
	State 5
	State 6
	State 7
	State 8
	State 9
	State 10
	State 11
	State 12
	State 13
	State 14
	State 15
	State 16
	State 17
	State 18
	State 19


============================================================
+ Verbose Summary: Datapath Resource usage 
============================================================
N/A
