

================================================================
== Vivado HLS Report for 'float_subtraction'
================================================================
* Date:           Wed Aug 18 13:43:59 2021

* Version:        2019.2 (Build 2704478 on Wed Nov 06 22:10:23 MST 2019)
* Project:        FS
* Solution:       solution1
* Product family: zynq
* Target device:  xc7z045-ffg900-2


================================================================
== Performance Estimates
================================================================
+ Timing: 
    * Summary: 
    +--------+----------+----------+------------+
    |  Clock |  Target  | Estimated| Uncertainty|
    +--------+----------+----------+------------+
    |ap_clk  | 10.00 ns | 8.588 ns |   1.25 ns  |
    +--------+----------+----------+------------+

+ Latency: 
    * Summary: 
    +---------+---------+----------+----------+-----+-----+---------+
    |  Latency (cycles) |  Latency (absolute) |  Interval | Pipeline|
    |   min   |   max   |    min   |    max   | min | max |   Type  |
    +---------+---------+----------+----------+-----+-----+---------+
    |        ?|        ?|         ?|         ?|    ?|    ?|   none  |
    +---------+---------+----------+----------+-----+-----+---------+

    + Detail: 
        * Instance: 
        N/A

        * Loop: 
        +----------+---------+---------+----------+-----------+-----------+------+----------+
        |          |  Latency (cycles) | Iteration|  Initiation Interval  | Trip |          |
        | Loop Name|   min   |   max   |  Latency |  achieved |   target  | Count| Pipelined|
        +----------+---------+---------+----------+-----------+-----------+------+----------+
        |- Loop 1  |        ?|        ?|        14|          1|          1|     ?|    yes   |
        +----------+---------+---------+----------+-----------+-----------+------+----------+



================================================================
== Utilization Estimates
================================================================
* Summary: 
+-----------------+---------+-------+--------+--------+-----+
|       Name      | BRAM_18K| DSP48E|   FF   |   LUT  | URAM|
+-----------------+---------+-------+--------+--------+-----+
|DSP              |        -|      -|       -|       -|    -|
|Expression       |        -|      -|       0|      11|    -|
|FIFO             |        -|      -|       -|       -|    -|
|Instance         |        -|      5|     755|    1813|    -|
|Memory           |        -|      -|       -|       -|    -|
|Multiplexer      |        -|      -|       -|      18|    -|
|Register         |        0|      -|     242|      32|    -|
+-----------------+---------+-------+--------+--------+-----+
|Total            |        0|      5|     997|    1874|    0|
+-----------------+---------+-------+--------+--------+-----+
|Available        |     1090|    900|  437200|  218600|    0|
+-----------------+---------+-------+--------+--------+-----+
|Utilization (%)  |        0|   ~0  |   ~0   |   ~0   |    0|
+-----------------+---------+-------+--------+--------+-----+

+ Detail: 
    * Instance: 
    +-------------------------+----------------------+---------+-------+-----+-----+-----+
    |         Instance        |        Module        | BRAM_18K| DSP48E|  FF | LUT | URAM|
    +-------------------------+----------------------+---------+-------+-----+-----+-----+
    |float_subtractionbkb_U1  |float_subtractionbkb  |        0|      2|  227|  404|    0|
    |float_subtractioncud_U2  |float_subtractioncud  |        0|      3|  128|  320|    0|
    |float_subtractiondEe_U3  |float_subtractiondEe  |        0|      0|  168|  534|    0|
    |float_subtractiondEe_U4  |float_subtractiondEe  |        0|      0|  168|  534|    0|
    |float_subtractioneOg_U5  |float_subtractioneOg  |        0|      0|   64|   21|    0|
    +-------------------------+----------------------+---------+-------+-----+-----+-----+
    |Total                    |                      |        0|      5|  755| 1813|    0|
    +-------------------------+----------------------+---------+-------+-----+-----+-----+

    * DSP48E: 
    N/A

    * Memory: 
    N/A

    * FIFO: 
    N/A

    * Expression: 
    +------------------------------------+----------+-------+---+----+------------+------------+
    |            Variable Name           | Operation| DSP48E| FF| LUT| Bitwidth P0| Bitwidth P1|
    +------------------------------------+----------+-------+---+----+------------+------------+
    |ap_block_state15_pp0_stage0_iter13  |    and   |      0|  0|   1|           1|           1|
    |ap_predicate_op29_read_state2       |    and   |      0|  0|   1|           1|           1|
    |tmp_1_nbreadreq_fu_52_p3            |    and   |      0|  0|   1|           1|           0|
    |tmp_nbreadreq_fu_44_p3              |    and   |      0|  0|   1|           1|           0|
    |ap_block_pp0_stage0_01001           |    or    |      0|  0|   1|           1|           1|
    |ap_block_state2_pp0_stage0_iter0    |    or    |      0|  0|   1|           1|           1|
    |ap_predicate_tran2to16_state2       |    or    |      0|  0|   1|           1|           1|
    |ap_enable_pp0                       |    xor   |      0|  0|   2|           1|           2|
    |ap_enable_reg_pp0_iter1             |    xor   |      0|  0|   2|           2|           1|
    +------------------------------------+----------+-------+---+----+------------+------------+
    |Total                               |          |      0|  0|  11|          10|           8|
    +------------------------------------+----------+-------+---+----+------------+------------+

    * Multiplexer: 
    +--------------------------+----+-----------+-----+-----------+
    |           Name           | LUT| Input Size| Bits| Total Bits|
    +--------------------------+----+-----------+-----+-----------+
    |a_V_blk_n                 |   3|          2|    1|          2|
    |ap_NS_fsm                 |   3|          4|    1|          4|
    |ap_enable_reg_pp0_iter1   |   3|          2|    1|          2|
    |ap_enable_reg_pp0_iter13  |   3|          2|    1|          2|
    |b_V_blk_n                 |   3|          2|    1|          2|
    |c_V_blk_n                 |   3|          2|    1|          2|
    +--------------------------+----+-----------+-----+-----------+
    |Total                     |  18|         14|    6|         14|
    +--------------------------+----+-----------+-----+-----------+

    * Register: 
    +--------------------------+----+----+-----+-----------+
    |           Name           | FF | LUT| Bits| Const Bits|
    +--------------------------+----+----+-----+-----------+
    |ap_CS_fsm                 |   3|   0|    3|          0|
    |ap_enable_reg_pp0_iter0   |   1|   0|    1|          0|
    |ap_enable_reg_pp0_iter1   |   1|   0|    1|          0|
    |ap_enable_reg_pp0_iter10  |   1|   0|    1|          0|
    |ap_enable_reg_pp0_iter11  |   1|   0|    1|          0|
    |ap_enable_reg_pp0_iter12  |   1|   0|    1|          0|
    |ap_enable_reg_pp0_iter13  |   1|   0|    1|          0|
    |ap_enable_reg_pp0_iter2   |   1|   0|    1|          0|
    |ap_enable_reg_pp0_iter3   |   1|   0|    1|          0|
    |ap_enable_reg_pp0_iter4   |   1|   0|    1|          0|
    |ap_enable_reg_pp0_iter5   |   1|   0|    1|          0|
    |ap_enable_reg_pp0_iter6   |   1|   0|    1|          0|
    |ap_enable_reg_pp0_iter7   |   1|   0|    1|          0|
    |ap_enable_reg_pp0_iter8   |   1|   0|    1|          0|
    |ap_enable_reg_pp0_iter9   |   1|   0|    1|          0|
    |d_reg_133                 |  32|   0|   32|          0|
    |e_reg_138                 |  32|   0|   32|          0|
    |f_reg_148                 |  32|   0|   32|          0|
    |tmp_1_reg_109             |   1|   0|    1|          0|
    |tmp_3_reg_113             |  16|   0|   16|          0|
    |tmp_4_reg_118             |  16|   0|   16|          0|
    |tmp_5_reg_143             |  32|   0|   32|          0|
    |tmp_1_reg_109             |  64|  32|    1|          0|
    +--------------------------+----+----+-----+-----------+
    |Total                     | 242|  32|  179|          0|
    +--------------------------+----+----+-----+-----------+



================================================================
== Interface
================================================================
* Summary: 
+-------------+-----+-----+------------+-------------------+--------------+
|  RTL Ports  | Dir | Bits|  Protocol  |   Source Object   |    C Type    |
+-------------+-----+-----+------------+-------------------+--------------+
|ap_clk       |  in |    1| ap_ctrl_hs | float_subtraction | return value |
|ap_rst       |  in |    1| ap_ctrl_hs | float_subtraction | return value |
|ap_start     |  in |    1| ap_ctrl_hs | float_subtraction | return value |
|ap_done      | out |    1| ap_ctrl_hs | float_subtraction | return value |
|ap_idle      | out |    1| ap_ctrl_hs | float_subtraction | return value |
|ap_ready     | out |    1| ap_ctrl_hs | float_subtraction | return value |
|a_V_dout     |  in |   16|   ap_fifo  |        a_V        |    pointer   |
|a_V_empty_n  |  in |    1|   ap_fifo  |        a_V        |    pointer   |
|a_V_read     | out |    1|   ap_fifo  |        a_V        |    pointer   |
|b_V_dout     |  in |   16|   ap_fifo  |        b_V        |    pointer   |
|b_V_empty_n  |  in |    1|   ap_fifo  |        b_V        |    pointer   |
|b_V_read     | out |    1|   ap_fifo  |        b_V        |    pointer   |
|c_V_din      | out |   16|   ap_fifo  |        c_V        |    pointer   |
|c_V_full_n   |  in |    1|   ap_fifo  |        c_V        |    pointer   |
|c_V_write    | out |    1|   ap_fifo  |        c_V        |    pointer   |
+-------------+-----+-----+------------+-------------------+--------------+

============================================================
+ Verbose Summary: Synthesis Manager
============================================================
InlineROM: 1
ExposeGlobal: 0
============================================================
+ Verbose Summary: CDFG Model
============================================================
IsTopModel: 1
ResetActiveHigh: 1
IsCombinational: 2
IsDatapathOnly: 2
HasWiredReturn: 1
HasMFsm: 0
HasVarLatency: 1
IsPipeline: 0
IsRtlPipelined: 0
IsInstanceOverlapped: 0
IsDontTouch: 0
HasImplIP: 0
IsGatedGlobalClock: 0

+ Individual pipeline summary: 
  * Pipeline-0: initiation interval (II) = 1, depth = 14


============================================================
+ Verbose Summary: Schedule
============================================================
* Number of FSM states : 16
* Pipeline : 1
  Pipeline-0 : II = 1, D = 14, States = { 2 3 4 5 6 7 8 9 10 11 12 13 14 15 }
* Dataflow Pipeline: 0

* FSM state transitions: 
1 --> 2 
2 --> 16 3 
3 --> 4 
4 --> 5 
5 --> 6 
6 --> 7 
7 --> 8 
8 --> 9 
9 --> 10 
10 --> 11 
11 --> 12 
12 --> 13 
13 --> 14 
14 --> 15 
15 --> 2 
16 --> 

* FSM state operations: 

State 1 <SV = 0> <Delay = 0.00>
ST_1 : Operation 17 [1/1] (0.00ns)   --->   "%empty = call i32 (...)* @_ssdm_op_SpecInterface(half* %c_V, [8 x i8]* @ap_fifo_str, i32 0, i32 0, [1 x i8]* @p_str, i32 0, i32 0, [1 x i8]* @p_str, [1 x i8]* @p_str, [1 x i8]* @p_str, i32 2, i32 2, i32 16, i32 16, [1 x i8]* @p_str, [1 x i8]* @p_str)"   --->   Operation 17 'specinterface' 'empty' <Predicate = true> <Delay = 0.00>
ST_1 : Operation 18 [1/1] (0.00ns)   --->   "%empty_3 = call i32 (...)* @_ssdm_op_SpecInterface(i16* %b_V, [8 x i8]* @ap_fifo_str, i32 0, i32 0, [1 x i8]* @p_str, i32 0, i32 0, [1 x i8]* @p_str, [1 x i8]* @p_str, [1 x i8]* @p_str, i32 2, i32 2, i32 16, i32 16, [1 x i8]* @p_str, [1 x i8]* @p_str)"   --->   Operation 18 'specinterface' 'empty_3' <Predicate = true> <Delay = 0.00>
ST_1 : Operation 19 [1/1] (0.00ns)   --->   "%empty_4 = call i32 (...)* @_ssdm_op_SpecInterface(i16* %a_V, [8 x i8]* @ap_fifo_str, i32 0, i32 0, [1 x i8]* @p_str, i32 0, i32 0, [1 x i8]* @p_str, [1 x i8]* @p_str, [1 x i8]* @p_str, i32 2, i32 2, i32 16, i32 16, [1 x i8]* @p_str, [1 x i8]* @p_str)"   --->   Operation 19 'specinterface' 'empty_4' <Predicate = true> <Delay = 0.00>
ST_1 : Operation 20 [1/1] (0.00ns)   --->   "call void (...)* @_ssdm_op_SpecBitsMap(i16* %a_V), !map !112"   --->   Operation 20 'specbitsmap' <Predicate = true> <Delay = 0.00>
ST_1 : Operation 21 [1/1] (0.00ns)   --->   "call void (...)* @_ssdm_op_SpecBitsMap(i16* %b_V), !map !116"   --->   Operation 21 'specbitsmap' <Predicate = true> <Delay = 0.00>
ST_1 : Operation 22 [1/1] (0.00ns)   --->   "call void (...)* @_ssdm_op_SpecBitsMap(half* %c_V), !map !120"   --->   Operation 22 'specbitsmap' <Predicate = true> <Delay = 0.00>
ST_1 : Operation 23 [1/1] (0.00ns)   --->   "call void (...)* @_ssdm_op_SpecTopModule([18 x i8]* @float_subtraction_st) nounwind"   --->   Operation 23 'spectopmodule' <Predicate = true> <Delay = 0.00>
ST_1 : Operation 24 [1/1] (0.00ns)   --->   "br label %1" [FS/core.cpp:21]   --->   Operation 24 'br' <Predicate = true> <Delay = 0.00>

State 2 <SV = 1> <Delay = 3.40>
ST_2 : Operation 25 [1/1] (0.00ns)   --->   "%tmp = call i1 @_ssdm_op_NbReadReq.ap_fifo.i16P(i16* %a_V, i32 1)" [FS/core.cpp:21]   --->   Operation 25 'nbreadreq' 'tmp' <Predicate = true> <Delay = 0.00> <Core = "FIFO">   --->   Core 32 'FIFO' <Latency = 0> <II = 1> <Delay = 3.40> <Storage> <Opcode : 'read' 'write' 'nbread' 'nbwrite'> <Ports = 0> <Width = 16> <Depth = 0> <FIFO>
ST_2 : Operation 26 [1/1] (0.00ns)   --->   "br i1 %tmp, label %2, label %.critedge" [FS/core.cpp:21]   --->   Operation 26 'br' <Predicate = true> <Delay = 0.00>
ST_2 : Operation 27 [1/1] (0.00ns)   --->   "%tmp_1 = call i1 @_ssdm_op_NbReadReq.ap_fifo.i16P(i16* %b_V, i32 1)" [FS/core.cpp:21]   --->   Operation 27 'nbreadreq' 'tmp_1' <Predicate = (tmp)> <Delay = 0.00> <Core = "FIFO">   --->   Core 32 'FIFO' <Latency = 0> <II = 1> <Delay = 3.40> <Storage> <Opcode : 'read' 'write' 'nbread' 'nbwrite'> <Ports = 0> <Width = 16> <Depth = 0> <FIFO>
ST_2 : Operation 28 [1/1] (0.00ns)   --->   "br i1 %tmp_1, label %hls_label_0, label %.critedge" [FS/core.cpp:21]   --->   Operation 28 'br' <Predicate = (tmp)> <Delay = 0.00>
ST_2 : Operation 29 [1/1] (3.40ns)   --->   "%tmp_3 = call i16 @_ssdm_op_Read.ap_fifo.volatile.i16P(i16* %a_V)" [FS/core.cpp:27]   --->   Operation 29 'read' 'tmp_3' <Predicate = (tmp & tmp_1)> <Delay = 3.40> <Core = "FIFO">   --->   Core 32 'FIFO' <Latency = 0> <II = 1> <Delay = 3.40> <Storage> <Opcode : 'read' 'write' 'nbread' 'nbwrite'> <Ports = 0> <Width = 16> <Depth = 0> <FIFO>
ST_2 : Operation 30 [1/1] (3.40ns)   --->   "%tmp_4 = call i16 @_ssdm_op_Read.ap_fifo.volatile.i16P(i16* %b_V)" [FS/core.cpp:28]   --->   Operation 30 'read' 'tmp_4' <Predicate = (tmp & tmp_1)> <Delay = 3.40> <Core = "FIFO">   --->   Core 32 'FIFO' <Latency = 0> <II = 1> <Delay = 3.40> <Storage> <Opcode : 'read' 'write' 'nbread' 'nbwrite'> <Ports = 0> <Width = 16> <Depth = 0> <FIFO>

State 3 <SV = 2> <Delay = 8.08>
ST_3 : Operation 31 [1/1] (0.00ns)   --->   "%sext_ln27 = sext i16 %tmp_3 to i32" [FS/core.cpp:27]   --->   Operation 31 'sext' 'sext_ln27' <Predicate = (tmp_1)> <Delay = 0.00>
ST_3 : Operation 32 [4/4] (8.08ns)   --->   "%d = sitofp i32 %sext_ln27 to float" [FS/core.cpp:27]   --->   Operation 32 'sitofp' 'd' <Predicate = (tmp_1)> <Delay = 8.08> <Core = "Int2Float">   --->   Core 112 'Int2Float' <Latency = 3> <II = 1> <Delay = 8.08> <FuncUnit> <Opcode : 'sitofp' 'uitofp'> <InPorts = 1> <OutPorts = 1>
ST_3 : Operation 33 [1/1] (0.00ns)   --->   "%sext_ln28 = sext i16 %tmp_4 to i32" [FS/core.cpp:28]   --->   Operation 33 'sext' 'sext_ln28' <Predicate = (tmp_1)> <Delay = 0.00>
ST_3 : Operation 34 [4/4] (8.08ns)   --->   "%e = sitofp i32 %sext_ln28 to float" [FS/core.cpp:28]   --->   Operation 34 'sitofp' 'e' <Predicate = (tmp_1)> <Delay = 8.08> <Core = "Int2Float">   --->   Core 112 'Int2Float' <Latency = 3> <II = 1> <Delay = 8.08> <FuncUnit> <Opcode : 'sitofp' 'uitofp'> <InPorts = 1> <OutPorts = 1>

State 4 <SV = 3> <Delay = 8.08>
ST_4 : Operation 35 [3/4] (8.08ns)   --->   "%d = sitofp i32 %sext_ln27 to float" [FS/core.cpp:27]   --->   Operation 35 'sitofp' 'd' <Predicate = (tmp_1)> <Delay = 8.08> <Core = "Int2Float">   --->   Core 112 'Int2Float' <Latency = 3> <II = 1> <Delay = 8.08> <FuncUnit> <Opcode : 'sitofp' 'uitofp'> <InPorts = 1> <OutPorts = 1>
ST_4 : Operation 36 [3/4] (8.08ns)   --->   "%e = sitofp i32 %sext_ln28 to float" [FS/core.cpp:28]   --->   Operation 36 'sitofp' 'e' <Predicate = (tmp_1)> <Delay = 8.08> <Core = "Int2Float">   --->   Core 112 'Int2Float' <Latency = 3> <II = 1> <Delay = 8.08> <FuncUnit> <Opcode : 'sitofp' 'uitofp'> <InPorts = 1> <OutPorts = 1>

State 5 <SV = 4> <Delay = 8.08>
ST_5 : Operation 37 [2/4] (8.08ns)   --->   "%d = sitofp i32 %sext_ln27 to float" [FS/core.cpp:27]   --->   Operation 37 'sitofp' 'd' <Predicate = (tmp_1)> <Delay = 8.08> <Core = "Int2Float">   --->   Core 112 'Int2Float' <Latency = 3> <II = 1> <Delay = 8.08> <FuncUnit> <Opcode : 'sitofp' 'uitofp'> <InPorts = 1> <OutPorts = 1>
ST_5 : Operation 38 [2/4] (8.08ns)   --->   "%e = sitofp i32 %sext_ln28 to float" [FS/core.cpp:28]   --->   Operation 38 'sitofp' 'e' <Predicate = (tmp_1)> <Delay = 8.08> <Core = "Int2Float">   --->   Core 112 'Int2Float' <Latency = 3> <II = 1> <Delay = 8.08> <FuncUnit> <Opcode : 'sitofp' 'uitofp'> <InPorts = 1> <OutPorts = 1>

State 6 <SV = 5> <Delay = 8.08>
ST_6 : Operation 39 [1/4] (8.08ns)   --->   "%d = sitofp i32 %sext_ln27 to float" [FS/core.cpp:27]   --->   Operation 39 'sitofp' 'd' <Predicate = (tmp_1)> <Delay = 8.08> <Core = "Int2Float">   --->   Core 112 'Int2Float' <Latency = 3> <II = 1> <Delay = 8.08> <FuncUnit> <Opcode : 'sitofp' 'uitofp'> <InPorts = 1> <OutPorts = 1>
ST_6 : Operation 40 [1/4] (8.08ns)   --->   "%e = sitofp i32 %sext_ln28 to float" [FS/core.cpp:28]   --->   Operation 40 'sitofp' 'e' <Predicate = (tmp_1)> <Delay = 8.08> <Core = "Int2Float">   --->   Core 112 'Int2Float' <Latency = 3> <II = 1> <Delay = 8.08> <FuncUnit> <Opcode : 'sitofp' 'uitofp'> <InPorts = 1> <OutPorts = 1>

State 7 <SV = 6> <Delay = 8.58>
ST_7 : Operation 41 [4/4] (8.58ns)   --->   "%tmp_5 = fsub float %d, %e" [FS/core.cpp:29]   --->   Operation 41 'fsub' 'tmp_5' <Predicate = (tmp_1)> <Delay = 8.58> <Core = "FAddSub">   --->   Core 105 'FAddSub' <Latency = 3> <II = 1> <Delay = 8.58> <FuncUnit> <Opcode : 'fadd' 'fsub'> <InPorts = 2> <OutPorts = 1>

State 8 <SV = 7> <Delay = 8.58>
ST_8 : Operation 42 [3/4] (8.58ns)   --->   "%tmp_5 = fsub float %d, %e" [FS/core.cpp:29]   --->   Operation 42 'fsub' 'tmp_5' <Predicate = (tmp_1)> <Delay = 8.58> <Core = "FAddSub">   --->   Core 105 'FAddSub' <Latency = 3> <II = 1> <Delay = 8.58> <FuncUnit> <Opcode : 'fadd' 'fsub'> <InPorts = 2> <OutPorts = 1>

State 9 <SV = 8> <Delay = 8.58>
ST_9 : Operation 43 [2/4] (8.58ns)   --->   "%tmp_5 = fsub float %d, %e" [FS/core.cpp:29]   --->   Operation 43 'fsub' 'tmp_5' <Predicate = (tmp_1)> <Delay = 8.58> <Core = "FAddSub">   --->   Core 105 'FAddSub' <Latency = 3> <II = 1> <Delay = 8.58> <FuncUnit> <Opcode : 'fadd' 'fsub'> <InPorts = 2> <OutPorts = 1>

State 10 <SV = 9> <Delay = 8.58>
ST_10 : Operation 44 [1/4] (8.58ns)   --->   "%tmp_5 = fsub float %d, %e" [FS/core.cpp:29]   --->   Operation 44 'fsub' 'tmp_5' <Predicate = (tmp_1)> <Delay = 8.58> <Core = "FAddSub">   --->   Core 105 'FAddSub' <Latency = 3> <II = 1> <Delay = 8.58> <FuncUnit> <Opcode : 'fadd' 'fsub'> <InPorts = 2> <OutPorts = 1>

State 11 <SV = 10> <Delay = 8.43>
ST_11 : Operation 45 [3/3] (8.43ns)   --->   "%f = fmul float %tmp_5, 0x3F23441360000000" [FS/core.cpp:29]   --->   Operation 45 'fmul' 'f' <Predicate = (tmp_1)> <Delay = 8.43> <Core = "FMul">   --->   Core 106 'FMul' <Latency = 2> <II = 1> <Delay = 8.43> <FuncUnit> <Opcode : 'fmul'> <InPorts = 2> <OutPorts = 1>

State 12 <SV = 11> <Delay = 8.43>
ST_12 : Operation 46 [2/3] (8.43ns)   --->   "%f = fmul float %tmp_5, 0x3F23441360000000" [FS/core.cpp:29]   --->   Operation 46 'fmul' 'f' <Predicate = (tmp_1)> <Delay = 8.43> <Core = "FMul">   --->   Core 106 'FMul' <Latency = 2> <II = 1> <Delay = 8.43> <FuncUnit> <Opcode : 'fmul'> <InPorts = 2> <OutPorts = 1>

State 13 <SV = 12> <Delay = 8.43>
ST_13 : Operation 47 [1/3] (8.43ns)   --->   "%f = fmul float %tmp_5, 0x3F23441360000000" [FS/core.cpp:29]   --->   Operation 47 'fmul' 'f' <Predicate = (tmp_1)> <Delay = 8.43> <Core = "FMul">   --->   Core 106 'FMul' <Latency = 2> <II = 1> <Delay = 8.43> <FuncUnit> <Opcode : 'fmul'> <InPorts = 2> <OutPorts = 1>

State 14 <SV = 13> <Delay = 4.17>
ST_14 : Operation 48 [2/2] (4.17ns)   --->   "%tmp_6 = fptrunc float %f to half" [FS/core.cpp:31]   --->   Operation 48 'sptohp' 'tmp_6' <Predicate = (tmp_1)> <Delay = 4.17> <Core = "Float2Half">   --->   Core 94 'Float2Half' <Latency = 1> <II = 1> <Delay = 4.17> <FuncUnit> <Opcode : 'sptohp'> <InPorts = 1> <OutPorts = 1>

State 15 <SV = 14> <Delay = 7.57>
ST_15 : Operation 49 [1/1] (0.00ns)   --->   "%tmp_2 = call i32 (...)* @_ssdm_op_SpecRegionBegin([12 x i8]* @p_str1)" [FS/core.cpp:22]   --->   Operation 49 'specregionbegin' 'tmp_2' <Predicate = (tmp_1)> <Delay = 0.00>
ST_15 : Operation 50 [1/1] (0.00ns)   --->   "call void (...)* @_ssdm_op_SpecPipeline(i32 -1, i32 1, i32 1, i32 0, [1 x i8]* @p_str) nounwind" [FS/core.cpp:23]   --->   Operation 50 'specpipeline' <Predicate = (tmp_1)> <Delay = 0.00>
ST_15 : Operation 51 [1/2] (4.17ns)   --->   "%tmp_6 = fptrunc float %f to half" [FS/core.cpp:31]   --->   Operation 51 'sptohp' 'tmp_6' <Predicate = (tmp_1)> <Delay = 4.17> <Core = "Float2Half">   --->   Core 94 'Float2Half' <Latency = 1> <II = 1> <Delay = 4.17> <FuncUnit> <Opcode : 'sptohp'> <InPorts = 1> <OutPorts = 1>
ST_15 : Operation 52 [1/1] (3.40ns)   --->   "call void @_ssdm_op_Write.ap_fifo.volatile.halfP(half* %c_V, half %tmp_6)" [FS/core.cpp:31]   --->   Operation 52 'write' <Predicate = (tmp_1)> <Delay = 3.40> <Core = "FIFO">   --->   Core 32 'FIFO' <Latency = 0> <II = 1> <Delay = 3.40> <Storage> <Opcode : 'read' 'write' 'nbread' 'nbwrite'> <Ports = 0> <Width = 16> <Depth = 0> <FIFO>
ST_15 : Operation 53 [1/1] (0.00ns)   --->   "%empty_5 = call i32 (...)* @_ssdm_op_SpecRegionEnd([12 x i8]* @p_str1, i32 %tmp_2)" [FS/core.cpp:32]   --->   Operation 53 'specregionend' 'empty_5' <Predicate = (tmp_1)> <Delay = 0.00>
ST_15 : Operation 54 [1/1] (0.00ns)   --->   "br label %1" [FS/core.cpp:32]   --->   Operation 54 'br' <Predicate = (tmp_1)> <Delay = 0.00>

State 16 <SV = 2> <Delay = 0.00>
ST_16 : Operation 55 [1/1] (0.00ns)   --->   "ret void" [FS/core.cpp:33]   --->   Operation 55 'ret' <Predicate = true> <Delay = 0.00>


============================================================
+ Verbose Summary: Binding
============================================================
STG Binding: 
---------------- STG Properties BEGIN ----------------
- Is combinational: 0
- Is one-state seq: 0
- Is datapath-only: 0
- Is pipelined: 0
- Is top level: 1
Port [ Return ] is wired: 1; IO mode=ap_ctrl_hs:ce=0
Port [ a_V]:  wired=1; compound=1; hidden=0; nouse=0; global=0; static=0; extern=0; dir=0; type=3; pingpong=0; private_global=0; IO mode=ap_fifo:ce=0
Port [ b_V]:  wired=1; compound=1; hidden=0; nouse=0; global=0; static=0; extern=0; dir=0; type=3; pingpong=0; private_global=0; IO mode=ap_fifo:ce=0
Port [ c_V]:  wired=1; compound=1; hidden=0; nouse=0; global=0; static=0; extern=0; dir=1; type=3; pingpong=0; private_global=0; IO mode=ap_fifo:ce=0
---------------- STG Properties END ------------------

---------------- Datapath Model BEGIN ----------------

<LifeTime>
<method=bitvector/>
empty             (specinterface  ) [ 00000000000000000]
empty_3           (specinterface  ) [ 00000000000000000]
empty_4           (specinterface  ) [ 00000000000000000]
specbitsmap_ln0   (specbitsmap    ) [ 00000000000000000]
specbitsmap_ln0   (specbitsmap    ) [ 00000000000000000]
specbitsmap_ln0   (specbitsmap    ) [ 00000000000000000]
spectopmodule_ln0 (spectopmodule  ) [ 00000000000000000]
br_ln21           (br             ) [ 00000000000000000]
tmp               (nbreadreq      ) [ 00111111111111110]
br_ln21           (br             ) [ 00000000000000000]
tmp_1             (nbreadreq      ) [ 00111111111111110]
br_ln21           (br             ) [ 00000000000000000]
tmp_3             (read           ) [ 00110000000000000]
tmp_4             (read           ) [ 00110000000000000]
sext_ln27         (sext           ) [ 00101110000000000]
sext_ln28         (sext           ) [ 00101110000000000]
d                 (sitofp         ) [ 00100001111000000]
e                 (sitofp         ) [ 00100001111000000]
tmp_5             (fsub           ) [ 00100000000111000]
f                 (fmul           ) [ 00100000000000110]
tmp_2             (specregionbegin) [ 00000000000000000]
specpipeline_ln23 (specpipeline   ) [ 00000000000000000]
tmp_6             (sptohp         ) [ 00000000000000000]
write_ln31        (write          ) [ 00000000000000000]
empty_5           (specregionend  ) [ 00000000000000000]
br_ln32           (br             ) [ 00000000000000000]
ret_ln33          (ret            ) [ 00000000000000000]
</LifeTime>

<model>

<comp_list>
<comp id="0" class="1000" name="a_V">
<pin_list>
<pin id="1" dir="1" index="0" bw="1" slack="0"/>
</pin_list>
<bind>
<StgValue><ssdm name="a_V"/></StgValue>
</bind>
</comp>

<comp id="2" class="1000" name="b_V">
<pin_list>
<pin id="3" dir="1" index="0" bw="1" slack="0"/>
</pin_list>
<bind>
<StgValue><ssdm name="b_V"/></StgValue>
</bind>
</comp>

<comp id="4" class="1000" name="c_V">
<pin_list>
<pin id="5" dir="1" index="0" bw="1" slack="0"/>
</pin_list>
<bind>
<StgValue><ssdm name="c_V"/></StgValue>
</bind>
</comp>

<comp id="6" class="1001" name="const_6">
<pin_list>
<pin id="7" dir="1" index="0" bw="1" slack="2147483647"/>
</pin_list>
<bind>
<StgValue><ssdm name="_ssdm_op_SpecInterface"/></StgValue>
</bind>
</comp>

<comp id="8" class="1001" name="const_8">
<pin_list>
<pin id="9" dir="1" index="0" bw="1" slack="2147483647"/>
</pin_list>
<bind>
<StgValue><ssdm name="ap_fifo_str"/></StgValue>
</bind>
</comp>

<comp id="10" class="1001" name="const_10">
<pin_list>
<pin id="11" dir="1" index="0" bw="1" slack="2147483647"/>
</pin_list>
<bind>
<StgValue><ssdm name=""/></StgValue>
</bind>
</comp>

<comp id="12" class="1001" name="const_12">
<pin_list>
<pin id="13" dir="1" index="0" bw="1" slack="2147483647"/>
</pin_list>
<bind>
<StgValue><ssdm name="p_str"/></StgValue>
</bind>
</comp>

<comp id="14" class="1001" name="const_14">
<pin_list>
<pin id="15" dir="1" index="0" bw="1" slack="2147483647"/>
</pin_list>
<bind>
<StgValue><ssdm name=""/></StgValue>
</bind>
</comp>

<comp id="16" class="1001" name="const_16">
<pin_list>
<pin id="17" dir="1" index="0" bw="1" slack="2147483647"/>
</pin_list>
<bind>
<StgValue><ssdm name=""/></StgValue>
</bind>
</comp>

<comp id="18" class="1001" name="const_18">
<pin_list>
<pin id="19" dir="1" index="0" bw="1" slack="2147483647"/>
</pin_list>
<bind>
<StgValue><ssdm name="_ssdm_op_SpecBitsMap"/></StgValue>
</bind>
</comp>

<comp id="20" class="1001" name="const_20">
<pin_list>
<pin id="21" dir="1" index="0" bw="1" slack="2147483647"/>
</pin_list>
<bind>
<StgValue><ssdm name="_ssdm_op_SpecTopModule"/></StgValue>
</bind>
</comp>

<comp id="22" class="1001" name="const_22">
<pin_list>
<pin id="23" dir="1" index="0" bw="1" slack="2147483647"/>
</pin_list>
<bind>
<StgValue><ssdm name="float_subtraction_st"/></StgValue>
</bind>
</comp>

<comp id="24" class="1001" name="const_24">
<pin_list>
<pin id="25" dir="1" index="0" bw="1" slack="0"/>
</pin_list>
<bind>
<StgValue><ssdm name="_ssdm_op_NbReadReq.ap_fifo.i16P"/></StgValue>
</bind>
</comp>

<comp id="26" class="1001" name="const_26">
<pin_list>
<pin id="27" dir="1" index="0" bw="1" slack="0"/>
</pin_list>
<bind>
<StgValue><ssdm name=""/></StgValue>
</bind>
</comp>

<comp id="28" class="1001" name="const_28">
<pin_list>
<pin id="29" dir="1" index="0" bw="1" slack="0"/>
</pin_list>
<bind>
<StgValue><ssdm name="_ssdm_op_Read.ap_fifo.volatile.i16P"/></StgValue>
</bind>
</comp>

<comp id="30" class="1001" name="const_30">
<pin_list>
<pin id="31" dir="1" index="0" bw="1" slack="0"/>
</pin_list>
<bind>
<StgValue><ssdm name=""/></StgValue>
</bind>
</comp>

<comp id="32" class="1001" name="const_32">
<pin_list>
<pin id="33" dir="1" index="0" bw="1" slack="2147483647"/>
</pin_list>
<bind>
<StgValue><ssdm name="_ssdm_op_SpecRegionBegin"/></StgValue>
</bind>
</comp>

<comp id="34" class="1001" name="const_34">
<pin_list>
<pin id="35" dir="1" index="0" bw="1" slack="2147483647"/>
</pin_list>
<bind>
<StgValue><ssdm name="p_str1"/></StgValue>
</bind>
</comp>

<comp id="36" class="1001" name="const_36">
<pin_list>
<pin id="37" dir="1" index="0" bw="1" slack="2147483647"/>
</pin_list>
<bind>
<StgValue><ssdm name="_ssdm_op_SpecPipeline"/></StgValue>
</bind>
</comp>

<comp id="38" class="1001" name="const_38">
<pin_list>
<pin id="39" dir="1" index="0" bw="1" slack="2147483647"/>
</pin_list>
<bind>
<StgValue><ssdm name=""/></StgValue>
</bind>
</comp>

<comp id="40" class="1001" name="const_40">
<pin_list>
<pin id="41" dir="1" index="0" bw="1" slack="0"/>
</pin_list>
<bind>
<StgValue><ssdm name="_ssdm_op_Write.ap_fifo.volatile.halfP"/></StgValue>
</bind>
</comp>

<comp id="42" class="1001" name="const_42">
<pin_list>
<pin id="43" dir="1" index="0" bw="1" slack="2147483647"/>
</pin_list>
<bind>
<StgValue><ssdm name="_ssdm_op_SpecRegionEnd"/></StgValue>
</bind>
</comp>

<comp id="44" class="1004" name="tmp_nbreadreq_fu_44">
<pin_list>
<pin id="45" dir="0" index="0" bw="1" slack="0"/>
<pin id="46" dir="0" index="1" bw="16" slack="0"/>
<pin id="47" dir="0" index="2" bw="1" slack="0"/>
<pin id="48" dir="1" index="3" bw="1" slack="2147483647"/>
</pin_list>
<bind>
<opcode="nbreadreq(1156) " fcode="nbreadreq"/>
<opset="tmp/2 "/>
</bind>
</comp>

<comp id="52" class="1004" name="tmp_1_nbreadreq_fu_52">
<pin_list>
<pin id="53" dir="0" index="0" bw="1" slack="0"/>
<pin id="54" dir="0" index="1" bw="16" slack="0"/>
<pin id="55" dir="0" index="2" bw="1" slack="0"/>
<pin id="56" dir="1" index="3" bw="1" slack="1"/>
</pin_list>
<bind>
<opcode="nbreadreq(1156) " fcode="nbreadreq"/>
<opset="tmp_1/2 "/>
</bind>
</comp>

<comp id="60" class="1004" name="tmp_3_read_fu_60">
<pin_list>
<pin id="61" dir="0" index="0" bw="16" slack="0"/>
<pin id="62" dir="0" index="1" bw="16" slack="0"/>
<pin id="63" dir="1" index="2" bw="16" slack="1"/>
</pin_list>
<bind>
<opcode="read(1150) " fcode="read"/>
<opset="tmp_3/2 "/>
</bind>
</comp>

<comp id="66" class="1004" name="tmp_4_read_fu_66">
<pin_list>
<pin id="67" dir="0" index="0" bw="16" slack="0"/>
<pin id="68" dir="0" index="1" bw="16" slack="0"/>
<pin id="69" dir="1" index="2" bw="16" slack="1"/>
</pin_list>
<bind>
<opcode="read(1150) " fcode="read"/>
<opset="tmp_4/2 "/>
</bind>
</comp>

<comp id="72" class="1004" name="write_ln31_write_fu_72">
<pin_list>
<pin id="73" dir="0" index="0" bw="0" slack="0"/>
<pin id="74" dir="0" index="1" bw="16" slack="0"/>
<pin id="75" dir="0" index="2" bw="16" slack="0"/>
<pin id="76" dir="1" index="3" bw="0" slack="2147483647"/>
</pin_list>
<bind>
<opcode="write(1151) " fcode="write"/>
<opset="write_ln31/15 "/>
</bind>
</comp>

<comp id="79" class="1004" name="grp_fu_79">
<pin_list>
<pin id="80" dir="0" index="0" bw="32" slack="1"/>
<pin id="81" dir="0" index="1" bw="32" slack="1"/>
<pin id="82" dir="1" index="2" bw="32" slack="1"/>
</pin_list>
<bind>
<opcode="fsub(11) " fcode="fadd"/>
<opset="tmp_5/7 "/>
</bind>
</comp>

<comp id="83" class="1004" name="grp_fu_83">
<pin_list>
<pin id="84" dir="0" index="0" bw="32" slack="1"/>
<pin id="85" dir="0" index="1" bw="32" slack="0"/>
<pin id="86" dir="1" index="2" bw="32" slack="1"/>
</pin_list>
<bind>
<opcode="fmul(13) " fcode="fmul"/>
<opset="f/11 "/>
</bind>
</comp>

<comp id="88" class="1004" name="grp_fu_88">
<pin_list>
<pin id="89" dir="0" index="0" bw="16" slack="0"/>
<pin id="90" dir="1" index="1" bw="32" slack="1"/>
</pin_list>
<bind>
<opcode="sitofp(39) " fcode="sitofp"/>
<opset="d/3 "/>
</bind>
</comp>

<comp id="91" class="1004" name="grp_fu_91">
<pin_list>
<pin id="92" dir="0" index="0" bw="16" slack="0"/>
<pin id="93" dir="1" index="1" bw="32" slack="1"/>
</pin_list>
<bind>
<opcode="sitofp(39) " fcode="sitofp"/>
<opset="e/3 "/>
</bind>
</comp>

<comp id="94" class="1004" name="grp_fu_94">
<pin_list>
<pin id="95" dir="0" index="0" bw="32" slack="1"/>
<pin id="96" dir="1" index="1" bw="16" slack="0"/>
</pin_list>
<bind>
<opcode="sptohp(532) " fcode="sptohp"/>
<opset="tmp_6/14 "/>
</bind>
</comp>

<comp id="98" class="1004" name="sext_ln27_fu_98">
<pin_list>
<pin id="99" dir="0" index="0" bw="16" slack="1"/>
<pin id="100" dir="1" index="1" bw="32" slack="0"/>
</pin_list>
<bind>
<opcode="sext(35) " fcode="sext"/>
<opset="sext_ln27/3 "/>
</bind>
</comp>

<comp id="102" class="1004" name="sext_ln28_fu_102">
<pin_list>
<pin id="103" dir="0" index="0" bw="16" slack="1"/>
<pin id="104" dir="1" index="1" bw="32" slack="0"/>
</pin_list>
<bind>
<opcode="sext(35) " fcode="sext"/>
<opset="sext_ln28/3 "/>
</bind>
</comp>

<comp id="109" class="1005" name="tmp_1_reg_109">
<pin_list>
<pin id="110" dir="0" index="0" bw="1" slack="1"/>
<pin id="111" dir="1" index="1" bw="1" slack="2147483647"/>
</pin_list>
<bind>
<opset="tmp_1 "/>
</bind>
</comp>

<comp id="113" class="1005" name="tmp_3_reg_113">
<pin_list>
<pin id="114" dir="0" index="0" bw="16" slack="1"/>
<pin id="115" dir="1" index="1" bw="16" slack="1"/>
</pin_list>
<bind>
<opset="tmp_3 "/>
</bind>
</comp>

<comp id="118" class="1005" name="tmp_4_reg_118">
<pin_list>
<pin id="119" dir="0" index="0" bw="16" slack="1"/>
<pin id="120" dir="1" index="1" bw="16" slack="1"/>
</pin_list>
<bind>
<opset="tmp_4 "/>
</bind>
</comp>

<comp id="123" class="1005" name="sext_ln27_reg_123">
<pin_list>
<pin id="124" dir="0" index="0" bw="32" slack="1"/>
<pin id="125" dir="1" index="1" bw="32" slack="1"/>
</pin_list>
<bind>
<opset="sext_ln27 "/>
</bind>
</comp>

<comp id="128" class="1005" name="sext_ln28_reg_128">
<pin_list>
<pin id="129" dir="0" index="0" bw="32" slack="1"/>
<pin id="130" dir="1" index="1" bw="32" slack="1"/>
</pin_list>
<bind>
<opset="sext_ln28 "/>
</bind>
</comp>

<comp id="133" class="1005" name="d_reg_133">
<pin_list>
<pin id="134" dir="0" index="0" bw="32" slack="1"/>
<pin id="135" dir="1" index="1" bw="32" slack="1"/>
</pin_list>
<bind>
<opset="d "/>
</bind>
</comp>

<comp id="138" class="1005" name="e_reg_138">
<pin_list>
<pin id="139" dir="0" index="0" bw="32" slack="1"/>
<pin id="140" dir="1" index="1" bw="32" slack="1"/>
</pin_list>
<bind>
<opset="e "/>
</bind>
</comp>

<comp id="143" class="1005" name="tmp_5_reg_143">
<pin_list>
<pin id="144" dir="0" index="0" bw="32" slack="1"/>
<pin id="145" dir="1" index="1" bw="32" slack="1"/>
</pin_list>
<bind>
<opset="tmp_5 "/>
</bind>
</comp>

<comp id="148" class="1005" name="f_reg_148">
<pin_list>
<pin id="149" dir="0" index="0" bw="32" slack="1"/>
<pin id="150" dir="1" index="1" bw="32" slack="1"/>
</pin_list>
<bind>
<opset="f "/>
</bind>
</comp>

</comp_list>

<net_list>
<net id="49"><net_src comp="24" pin="0"/><net_sink comp="44" pin=0"/></net>

<net id="50"><net_src comp="0" pin="0"/><net_sink comp="44" pin=1"/></net>

<net id="51"><net_src comp="26" pin="0"/><net_sink comp="44" pin=2"/></net>

<net id="57"><net_src comp="24" pin="0"/><net_sink comp="52" pin=0"/></net>

<net id="58"><net_src comp="2" pin="0"/><net_sink comp="52" pin=1"/></net>

<net id="59"><net_src comp="26" pin="0"/><net_sink comp="52" pin=2"/></net>

<net id="64"><net_src comp="28" pin="0"/><net_sink comp="60" pin=0"/></net>

<net id="65"><net_src comp="0" pin="0"/><net_sink comp="60" pin=1"/></net>

<net id="70"><net_src comp="28" pin="0"/><net_sink comp="66" pin=0"/></net>

<net id="71"><net_src comp="2" pin="0"/><net_sink comp="66" pin=1"/></net>

<net id="77"><net_src comp="40" pin="0"/><net_sink comp="72" pin=0"/></net>

<net id="78"><net_src comp="4" pin="0"/><net_sink comp="72" pin=1"/></net>

<net id="87"><net_src comp="30" pin="0"/><net_sink comp="83" pin=1"/></net>

<net id="97"><net_src comp="94" pin="1"/><net_sink comp="72" pin=2"/></net>

<net id="101"><net_src comp="98" pin="1"/><net_sink comp="88" pin=0"/></net>

<net id="105"><net_src comp="102" pin="1"/><net_sink comp="91" pin=0"/></net>

<net id="112"><net_src comp="52" pin="3"/><net_sink comp="109" pin=0"/></net>

<net id="116"><net_src comp="60" pin="2"/><net_sink comp="113" pin=0"/></net>

<net id="117"><net_src comp="113" pin="1"/><net_sink comp="98" pin=0"/></net>

<net id="121"><net_src comp="66" pin="2"/><net_sink comp="118" pin=0"/></net>

<net id="122"><net_src comp="118" pin="1"/><net_sink comp="102" pin=0"/></net>

<net id="126"><net_src comp="98" pin="1"/><net_sink comp="123" pin=0"/></net>

<net id="127"><net_src comp="123" pin="1"/><net_sink comp="88" pin=0"/></net>

<net id="131"><net_src comp="102" pin="1"/><net_sink comp="128" pin=0"/></net>

<net id="132"><net_src comp="128" pin="1"/><net_sink comp="91" pin=0"/></net>

<net id="136"><net_src comp="88" pin="1"/><net_sink comp="133" pin=0"/></net>

<net id="137"><net_src comp="133" pin="1"/><net_sink comp="79" pin=0"/></net>

<net id="141"><net_src comp="91" pin="1"/><net_sink comp="138" pin=0"/></net>

<net id="142"><net_src comp="138" pin="1"/><net_sink comp="79" pin=1"/></net>

<net id="146"><net_src comp="79" pin="2"/><net_sink comp="143" pin=0"/></net>

<net id="147"><net_src comp="143" pin="1"/><net_sink comp="83" pin=0"/></net>

<net id="151"><net_src comp="83" pin="2"/><net_sink comp="148" pin=0"/></net>

<net id="152"><net_src comp="148" pin="1"/><net_sink comp="94" pin=0"/></net>

</net_list>

</model> 
---------------- Datapath Model END ------------------

* FSMD analyzer results:
  - Output states:
	Port: c_V | {15 }
 - Input state : 
	Port: float_subtraction : a_V | {2 }
	Port: float_subtraction : b_V | {2 }
  - Chain level:
	State 1
	State 2
	State 3
		d : 1
		e : 1
	State 4
	State 5
	State 6
	State 7
	State 8
	State 9
	State 10
	State 11
	State 12
	State 13
	State 14
	State 15
		write_ln31 : 1
		empty_5 : 1
	State 16


============================================================
+ Verbose Summary: Datapath Resource usage 
============================================================

* Functional unit list:
|----------|------------------------|---------|---------|---------|
| Operation|     Functional Unit    |  DSP48E |    FF   |   LUT   |
|----------|------------------------|---------|---------|---------|
|  sitofp  |        grp_fu_88       |    0    |   168   |   534   |
|          |        grp_fu_91       |    0    |   168   |   534   |
|----------|------------------------|---------|---------|---------|
|   fadd   |        grp_fu_79       |    2    |   227   |   404   |
|----------|------------------------|---------|---------|---------|
|   fmul   |        grp_fu_83       |    3    |   128   |   320   |
|----------|------------------------|---------|---------|---------|
|  sptohp  |        grp_fu_94       |    0    |    64   |    21   |
|----------|------------------------|---------|---------|---------|
| nbreadreq|   tmp_nbreadreq_fu_44  |    0    |    0    |    0    |
|          |  tmp_1_nbreadreq_fu_52 |    0    |    0    |    0    |
|----------|------------------------|---------|---------|---------|
|   read   |    tmp_3_read_fu_60    |    0    |    0    |    0    |
|          |    tmp_4_read_fu_66    |    0    |    0    |    0    |
|----------|------------------------|---------|---------|---------|
|   write  | write_ln31_write_fu_72 |    0    |    0    |    0    |
|----------|------------------------|---------|---------|---------|
|   sext   |     sext_ln27_fu_98    |    0    |    0    |    0    |
|          |    sext_ln28_fu_102    |    0    |    0    |    0    |
|----------|------------------------|---------|---------|---------|
|   Total  |                        |    5    |   755   |   1813  |
|----------|------------------------|---------|---------|---------|

Memories:
N/A

* Register list:
+-----------------+--------+
|                 |   FF   |
+-----------------+--------+
|    d_reg_133    |   32   |
|    e_reg_138    |   32   |
|    f_reg_148    |   32   |
|sext_ln27_reg_123|   32   |
|sext_ln28_reg_128|   32   |
|  tmp_1_reg_109  |    1   |
|  tmp_3_reg_113  |   16   |
|  tmp_4_reg_118  |   16   |
|  tmp_5_reg_143  |   32   |
+-----------------+--------+
|      Total      |   225  |
+-----------------+--------+

* Multiplexer (MUX) list: 
|-----------|------|------|------|--------||---------||---------|
|    Comp   |  Pin | Size |  BW  | S x BW ||  Delay  ||   LUT   |
|-----------|------|------|------|--------||---------||---------|
| grp_fu_88 |  p0  |   2  |  16  |   32   ||    3    |
| grp_fu_91 |  p0  |   2  |  16  |   32   ||    3    |
|-----------|------|------|------|--------||---------||---------|
|   Total   |      |      |      |   64   ||  0.932  ||    6    |
|-----------|------|------|------|--------||---------||---------|



* Summary:
+-----------+--------+--------+--------+--------+
|           | DSP48E |  Delay |   FF   |   LUT  |
+-----------+--------+--------+--------+--------+
|  Function |    5   |    -   |   755  |  1813  |
|   Memory  |    -   |    -   |    -   |    -   |
|Multiplexer|    -   |    0   |    -   |    6   |
|  Register |    -   |    -   |   225  |    -   |
+-----------+--------+--------+--------+--------+
|   Total   |    5   |    0   |   980  |  1819  |
+-----------+--------+--------+--------+--------+
